SF:lib/gar/domain/repositories/gar_repository.dart
DA:22,1
DA:31,1
DA:33,2
DA:34,4
DA:36,1
DA:39,1
DA:42,3
DA:43,3
DA:45,2
DA:46,1
DA:47,3
DA:58,3
DA:60,2
DA:66,1
DA:68,2
DA:69,3
DA:70,1
DA:71,2
DA:72,3
DA:77,2
DA:80,1
DA:82,1
DA:83,3
DA:84,1
DA:85,3
DA:86,3
DA:87,1
DA:90,1
DA:93,2
DA:94,3
DA:96,2
LF:31
LH:31
end_of_record
SF:lib/services/arweave/arweave_service.dart
DA:48,0
DA:54,0
DA:55,0
DA:56,0
DA:57,0
DA:58,0
DA:59,0
DA:61,0
DA:63,0
DA:64,0
DA:65,0
DA:66,0
DA:67,0
DA:68,0
DA:69,0
DA:70,0
DA:71,0
DA:76,0
DA:78,0
DA:79,0
DA:86,0
DA:87,0
DA:90,0
DA:91,0
DA:98,0
DA:99,0
DA:100,0
DA:102,0
DA:104,0
DA:105,0
DA:106,0
DA:107,0
DA:108,0
DA:109,0
DA:114,0
DA:115,0
DA:116,0
DA:117,0
DA:120,0
DA:121,0
DA:123,0
DA:124,0
DA:127,0
DA:131,0
DA:132,0
DA:133,0
DA:134,0
DA:140,0
DA:141,0
DA:145,0
DA:146,0
DA:147,0
DA:148,0
DA:149,0
DA:150,0
DA:154,0
DA:155,0
DA:156,0
DA:157,0
DA:160,0
DA:163,0
DA:164,0
DA:165,0
DA:168,0
DA:178,0
DA:179,0
DA:180,0
DA:189,0
DA:190,0
DA:193,0
DA:194,0
DA:198,0
DA:202,0
DA:203,0
DA:209,0
DA:218,0
DA:219,0
DA:222,0
DA:223,0
DA:225,0
DA:233,0
DA:236,0
DA:237,0
DA:239,0
DA:240,0
DA:241,0
DA:245,0
DA:246,0
DA:247,0
DA:251,0
DA:254,0
DA:255,0
DA:257,0
DA:258,0
DA:259,0
DA:263,0
DA:264,0
DA:265,0
DA:274,0
DA:289,0
DA:290,0
DA:291,0
DA:292,0
DA:294,0
DA:295,0
DA:296,0
DA:297,0
DA:300,0
DA:301,0
DA:302,0
DA:306,0
DA:310,0
DA:311,0
DA:314,0
DA:315,0
DA:323,0
DA:324,0
DA:327,0
DA:329,0
DA:330,0
DA:332,0
DA:333,0
DA:334,0
DA:335,0
DA:338,0
DA:339,0
DA:345,0
DA:350,0
DA:351,0
DA:352,0
DA:356,0
DA:357,0
DA:359,0
DA:362,0
DA:363,0
DA:364,0
DA:365,0
DA:366,0
DA:367,0
DA:368,0
DA:369,0
DA:373,0
DA:376,0
DA:377,0
DA:378,0
DA:379,0
DA:382,0
DA:387,0
DA:388,0
DA:389,0
DA:392,0
DA:395,0
DA:396,0
DA:398,0
DA:400,0
DA:401,0
DA:402,0
DA:403,0
DA:404,0
DA:405,0
DA:411,0
DA:412,0
DA:413,0
DA:415,0
DA:418,0
DA:419,0
DA:424,0
DA:428,0
DA:429,0
DA:433,0
DA:434,0
DA:436,0
DA:439,0
DA:446,0
DA:456,0
DA:459,0
DA:465,0
DA:473,0
DA:480,0
DA:486,0
DA:488,0
DA:490,0
DA:494,0
DA:498,0
DA:502,0
DA:503,0
DA:504,0
DA:512,0
DA:513,0
DA:514,0
DA:515,0
DA:519,0
DA:522,0
DA:523,0
DA:524,0
DA:525,0
DA:526,0
DA:527,0
DA:528,0
DA:533,0
DA:534,0
DA:536,0
DA:539,0
DA:548,0
DA:552,0
DA:553,0
DA:557,0
DA:558,0
DA:560,0
DA:561,0
DA:566,0
DA:571,0
DA:572,0
DA:574,0
DA:575,0
DA:576,0
DA:577,0
DA:578,0
DA:581,0
DA:582,0
DA:583,0
DA:584,0
DA:587,0
DA:592,0
DA:593,0
DA:595,0
DA:601,0
DA:603,0
DA:604,0
DA:608,0
DA:609,0
DA:612,0
DA:613,0
DA:615,0
DA:622,0
DA:638,0
DA:644,0
DA:652,0
DA:653,0
DA:654,0
DA:663,0
DA:664,0
DA:668,0
DA:669,0
DA:670,0
DA:675,0
DA:677,0
DA:679,0
DA:686,0
DA:687,0
DA:690,0
DA:691,0
DA:692,0
DA:693,0
DA:695,0
DA:710,0
DA:711,0
DA:716,0
DA:717,0
DA:718,0
DA:721,0
DA:722,0
DA:726,0
DA:728,0
DA:739,0
DA:740,0
DA:748,0
DA:749,0
DA:750,0
DA:758,0
DA:760,0
DA:764,0
DA:765,0
DA:766,0
DA:771,0
DA:773,0
DA:775,0
DA:782,0
DA:784,0
DA:792,0
DA:798,0
DA:799,0
DA:800,0
DA:807,0
DA:813,0
DA:814,0
DA:815,0
DA:816,0
DA:819,0
DA:822,0
DA:824,0
DA:826,0
DA:833,0
DA:838,0
DA:843,0
DA:844,0
DA:845,0
DA:847,0
DA:851,0
DA:852,0
DA:858,0
DA:860,0
DA:872,0
DA:874,0
DA:882,0
DA:883,0
DA:884,0
DA:892,0
DA:893,0
DA:897,0
DA:898,0
DA:899,0
DA:902,0
DA:903,0
DA:907,0
DA:908,0
DA:911,0
DA:913,0
DA:915,0
DA:917,0
DA:918,0
DA:920,0
DA:927,0
DA:931,0
DA:933,0
DA:940,0
DA:941,0
DA:942,0
DA:952,0
DA:953,0
DA:954,0
DA:955,0
DA:958,0
DA:959,0
DA:962,0
DA:963,0
DA:964,0
DA:967,0
DA:968,0
DA:970,0
DA:972,0
DA:975,0
DA:976,0
DA:977,0
DA:983,0
DA:985,0
DA:990,0
DA:993,0
DA:1000,0
DA:1001,0
DA:1002,0
DA:1009,0
DA:1013,0
DA:1014,0
DA:1015,0
DA:1016,0
DA:1019,0
DA:1022,0
DA:1024,0
DA:1026,0
DA:1033,0
DA:1043,0
DA:1045,0
DA:1046,0
DA:1051,0
DA:1053,0
DA:1054,0
DA:1055,0
DA:1056,0
DA:1057,0
DA:1059,0
DA:1060,0
DA:1061,0
DA:1063,0
DA:1068,0
DA:1071,0
DA:1072,0
DA:1073,0
DA:1077,0
DA:1078,0
DA:1080,0
DA:1084,0
DA:1086,0
DA:1093,0
DA:1094,0
DA:1095,0
DA:1096,0
DA:1100,0
DA:1104,0
DA:1111,0
DA:1117,0
DA:1118,0
DA:1123,0
DA:1133,0
DA:1139,0
DA:1140,0
DA:1143,0
DA:1151,0
DA:1155,0
DA:1157,0
DA:1158,0
DA:1159,0
DA:1160,0
DA:1165,0
DA:1173,0
DA:1177,0
DA:1178,0
DA:1179,0
DA:1180,0
DA:1182,0
DA:1183,0
DA:1184,0
DA:1186,0
DA:1187,0
DA:1192,0
DA:1194,0
DA:1196,0
DA:1197,0
DA:1198,0
DA:1199,0
DA:1203,0
DA:1208,0
DA:1212,0
DA:1218,0
DA:1220,0
DA:1227,0
DA:1231,0
DA:1233,0
DA:1236,0
DA:1243,0
DA:1244,0
DA:1256,0
DA:1266,0
DA:1273,0
LF:434
LH:0
end_of_record
SF:lib/services/config/app_config.dart
DA:23,6
DA:41,2
DA:55,2
DA:57,2
DA:60,1
DA:61,2
DA:62,2
DA:64,2
DA:66,2
DA:68,2
DA:70,2
DA:72,2
DA:73,2
DA:74,2
DA:75,2
DA:79,0
DA:83,0
DA:84,0
DA:86,0
DA:87,0
DA:88,0
DA:90,0
DA:91,0
DA:92,0
DA:94,0
DA:95,0
DA:96,0
DA:97,0
DA:99,0
DA:100,0
DA:104,0
DA:107,1
DA:108,2
DA:110,1
DA:111,1
DA:112,4
LF:36
LH:20
end_of_record
SF:lib/services/config/app_config.g.dart
DA:9,2
DA:10,1
DA:12,1
DA:15,1
DA:16,1
DA:18,1
DA:19,1
DA:20,1
DA:21,1
DA:22,1
DA:24,2
DA:25,1
DA:26,1
DA:27,1
DA:28,1
DA:31,4
DA:32,2
DA:34,2
DA:35,2
DA:36,2
DA:37,2
DA:38,2
DA:39,2
DA:40,2
DA:41,2
DA:42,2
DA:43,2
DA:44,2
LF:28
LH:28
end_of_record
SF:lib/services/config/config_service.dart
DA:8,1
DA:20,1
DA:21,1
DA:22,1
DA:25,1
DA:28,1
DA:29,1
DA:30,1
DA:33,1
DA:36,1
DA:37,4
DA:39,4
DA:41,1
DA:44,1
DA:46,3
DA:48,4
DA:50,1
DA:52,2
DA:58,1
DA:59,2
DA:60,1
DA:63,1
DA:64,2
DA:66,1
LF:24
LH:24
end_of_record
SF:lib/services/config/selected_gateway.dart
DA:11,171
DA:13,1
DA:14,1
DA:15,2
DA:17,2
DA:18,6
LF:6
LH:6
end_of_record
SF:lib/services/config/selected_gateway.g.dart
DA:9,1
DA:10,1
DA:11,1
DA:12,1
DA:15,1
DA:16,1
DA:17,1
DA:18,1
LF:8
LH:8
end_of_record
SF:lib/arns/data/arns_dao.dart
DA:9,0
DA:11,0
DA:20,0
DA:21,0
DA:22,0
DA:23,0
DA:24,0
DA:25,0
DA:26,0
DA:27,0
DA:31,0
DA:34,0
DA:35,0
DA:36,0
DA:40,0
DA:41,0
DA:42,0
DA:46,0
DA:50,0
DA:52,0
DA:53,0
LF:21
LH:0
end_of_record
SF:lib/arns/data/arns_dao.g.dart
DA:7,0
DA:8,0
DA:9,0
DA:11,0
DA:13,0
DA:14,0
DA:15,0
DA:18,0
DA:19,0
DA:22,0
DA:24,0
DA:26,0
DA:27,0
DA:30,0
DA:31,0
DA:34,0
DA:35,0
DA:36,0
DA:37,0
DA:40,0
DA:41,0
DA:44,0
DA:45,0
DA:46,0
DA:48,0
DA:49,0
DA:52,0
DA:53,0
DA:54,0
DA:55,0
DA:58,0
DA:59,0
DA:60,0
DA:61,0
DA:64,0
DA:65,0
DA:68,0
DA:69,0
DA:70,0
DA:72,0
DA:73,0
DA:76,0
DA:78,0
DA:80,0
DA:81,0
DA:82,0
DA:83,0
DA:86,0
DA:87,0
LF:49
LH:0
end_of_record
SF:lib/models/database/database.g.dart
DA:10,8
DA:12,16
DA:13,8
DA:19,16
DA:20,8
DA:24,8
DA:25,24
DA:26,8
DA:27,16
DA:28,8
DA:31,0
DA:34,0
DA:35,0
DA:36,0
DA:37,0
DA:38,0
DA:40,0
DA:42,0
DA:43,0
DA:44,0
DA:46,0
DA:51,0
DA:52,0
DA:53,0
DA:55,0
DA:56,0
DA:57,0
DA:58,0
DA:59,0
DA:60,0
DA:64,0
DA:66,0
DA:69,8
DA:76,0
DA:77,0
DA:79,0
DA:80,0
DA:81,0
DA:85,0
DA:86,0
DA:87,0
DA:88,0
DA:92,0
DA:94,0
DA:95,0
DA:96,0
DA:97,0
DA:100,0
DA:102,0
DA:103,0
DA:104,0
DA:105,0
DA:109,0
DA:110,0
DA:111,0
DA:113,0
DA:115,0
DA:116,0
DA:117,0
DA:118,0
DA:119,0
DA:122,0
DA:123,0
DA:124,0
DA:127,0
DA:128,0
DA:129,0
DA:136,0
DA:141,0
DA:145,0
DA:146,0
DA:147,0
DA:152,0
DA:153,0
DA:154,0
DA:155,0
DA:159,0
DA:161,0
DA:162,0
DA:163,0
DA:164,0
DA:168,0
DA:170,0
DA:171,0
DA:172,0
DA:174,0
DA:175,0
DA:177,0
DA:178,0
DA:183,0
DA:185,0
DA:186,0
DA:187,0
DA:188,0
DA:189,0
DA:190,0
DA:198,8
DA:201,16
DA:202,8
DA:207,16
DA:208,8
DA:213,16
DA:214,8
DA:219,16
DA:220,8
DA:225,16
DA:226,8
DA:231,16
DA:232,8
DA:238,16
DA:239,8
DA:243,8
DA:245,64
DA:246,8
DA:247,16
DA:248,8
DA:251,0
DA:254,0
DA:255,0
DA:256,0
DA:257,0
DA:259,0
DA:260,0
DA:262,0
DA:264,0
DA:265,0
DA:266,0
DA:268,0
DA:270,0
DA:271,0
DA:272,0
DA:274,0
DA:276,0
DA:277,0
DA:278,0
DA:280,0
DA:282,0
DA:283,0
DA:284,0
DA:286,0
DA:288,0
DA:289,0
DA:291,0
DA:293,0
DA:294,0
DA:295,0
DA:300,0
DA:301,0
DA:302,0
DA:304,0
DA:305,0
DA:306,0
DA:307,0
DA:308,0
DA:309,0
DA:310,0
DA:311,0
DA:312,0
DA:313,0
DA:314,0
DA:315,0
DA:316,0
DA:317,0
DA:318,0
DA:319,0
DA:323,0
DA:325,0
DA:328,8
DA:340,0
DA:348,0
DA:350,0
DA:351,0
DA:352,0
DA:353,0
DA:354,0
DA:355,0
DA:356,0
DA:357,0
DA:358,0
DA:363,0
DA:364,0
DA:365,0
DA:366,0
DA:367,0
DA:368,0
DA:369,0
DA:370,0
DA:371,0
DA:373,0
DA:377,0
DA:379,0
DA:380,0
DA:381,0
DA:382,0
DA:383,0
DA:384,0
DA:385,0
DA:386,0
DA:387,0
DA:390,0
DA:392,0
DA:393,0
DA:394,0
DA:395,0
DA:396,0
DA:397,0
DA:398,0
DA:399,0
DA:400,0
DA:404,0
DA:412,0
DA:413,0
DA:414,0
DA:415,0
DA:416,0
DA:417,0
DA:418,0
DA:419,0
DA:421,0
DA:423,0
DA:424,0
DA:425,0
DA:426,0
DA:427,0
DA:428,0
DA:429,0
DA:430,0
DA:431,0
DA:432,0
DA:435,0
DA:437,0
DA:438,0
DA:441,0
DA:442,0
DA:443,0
DA:444,0
DA:445,0
DA:446,0
DA:447,0
DA:448,0
DA:460,0
DA:470,0
DA:479,0
DA:480,0
DA:481,0
DA:482,0
DA:483,0
DA:484,0
DA:485,0
DA:495,0
DA:496,0
DA:497,0
DA:498,0
DA:499,0
DA:500,0
DA:501,0
DA:502,0
DA:503,0
DA:507,0
DA:516,0
DA:517,0
DA:518,0
DA:519,0
DA:520,0
DA:521,0
DA:522,0
DA:523,0
DA:524,0
DA:528,0
DA:530,0
DA:531,0
DA:532,0
DA:534,0
DA:535,0
DA:537,0
DA:538,0
DA:540,0
DA:541,0
DA:543,0
DA:544,0
DA:546,0
DA:547,0
DA:549,0
DA:550,0
DA:552,0
DA:553,0
DA:558,0
DA:560,0
DA:561,0
DA:562,0
DA:563,0
DA:564,0
DA:565,0
DA:566,0
DA:567,0
DA:568,0
DA:569,0
DA:570,0
DA:579,8
DA:581,16
DA:582,8
DA:588,16
DA:589,8
DA:595,16
DA:596,8
DA:602,16
DA:603,8
DA:609,16
DA:610,8
DA:616,16
DA:617,8
DA:622,16
DA:623,8
DA:629,16
DA:630,8
DA:635,8
DA:636,8
DA:637,8
DA:638,8
DA:639,8
DA:640,8
DA:641,8
DA:642,8
DA:643,8
DA:644,8
DA:646,8
DA:647,16
DA:648,8
DA:651,0
DA:654,0
DA:655,0
DA:656,0
DA:657,0
DA:659,0
DA:661,0
DA:662,0
DA:663,0
DA:665,0
DA:667,0
DA:668,0
DA:670,0
DA:671,0
DA:673,0
DA:675,0
DA:676,0
DA:677,0
DA:679,0
DA:681,0
DA:682,0
DA:683,0
DA:685,0
DA:687,0
DA:688,0
DA:689,0
DA:691,0
DA:693,0
DA:694,0
DA:695,0
DA:697,0
DA:699,0
DA:700,0
DA:702,0
DA:703,0
DA:708,0
DA:709,0
DA:710,0
DA:712,0
DA:713,0
DA:714,0
DA:715,0
DA:716,0
DA:717,0
DA:718,0
DA:719,0
DA:720,0
DA:721,0
DA:722,0
DA:723,0
DA:724,0
DA:725,0
DA:726,0
DA:727,0
DA:728,0
DA:729,0
DA:733,0
DA:735,0
DA:738,8
DA:740,8
DA:753,0
DA:762,0
DA:764,0
DA:765,0
DA:766,0
DA:767,0
DA:768,0
DA:769,0
DA:770,0
DA:771,0
DA:772,0
DA:776,0
DA:777,0
DA:778,0
DA:779,0
DA:780,0
DA:781,0
DA:782,0
DA:783,0
DA:784,0
DA:785,0
DA:789,0
DA:791,0
DA:792,0
DA:793,0
DA:794,0
DA:795,0
DA:796,0
DA:797,0
DA:798,0
DA:799,0
DA:800,0
DA:803,0
DA:805,0
DA:806,0
DA:807,0
DA:808,0
DA:809,0
DA:810,0
DA:811,0
DA:812,0
DA:813,0
DA:814,0
DA:818,0
DA:827,0
DA:828,0
DA:829,0
DA:830,0
DA:831,0
DA:832,0
DA:833,0
DA:834,0
DA:835,0
DA:837,0
DA:839,0
DA:840,0
DA:841,0
DA:842,0
DA:843,0
DA:844,0
DA:845,0
DA:846,0
DA:847,0
DA:848,0
DA:849,0
DA:852,0
DA:853,0
DA:854,0
DA:855,0
DA:858,0
DA:859,0
DA:860,0
DA:861,0
DA:862,0
DA:863,0
DA:864,0
DA:865,0
DA:866,0
DA:879,0
DA:890,0
DA:900,0
DA:901,0
DA:902,0
DA:903,0
DA:904,0
DA:905,0
DA:906,0
DA:907,0
DA:918,0
DA:919,0
DA:920,0
DA:921,0
DA:922,0
DA:923,0
DA:924,0
DA:925,0
DA:926,0
DA:927,0
DA:931,0
DA:941,0
DA:942,0
DA:943,0
DA:944,0
DA:945,0
DA:946,0
DA:947,0
DA:948,0
DA:949,0
DA:950,0
DA:954,0
DA:956,0
DA:957,0
DA:958,0
DA:960,0
DA:961,0
DA:963,0
DA:964,0
DA:966,0
DA:967,0
DA:969,0
DA:970,0
DA:972,0
DA:973,0
DA:975,0
DA:976,0
DA:978,0
DA:979,0
DA:981,0
DA:982,0
DA:987,0
DA:989,0
DA:990,0
DA:991,0
DA:992,0
DA:993,0
DA:994,0
DA:995,0
DA:996,0
DA:997,0
DA:998,0
DA:999,0
DA:1000,0
DA:1008,8
DA:1010,16
DA:1011,8
DA:1017,16
DA:1018,8
DA:1024,8
DA:1025,16
DA:1031,16
DA:1032,8
DA:1038,16
DA:1039,8
DA:1045,8
DA:1046,16
DA:1052,16
DA:1053,8
DA:1057,8
DA:1058,8
DA:1059,8
DA:1060,8
DA:1061,8
DA:1062,8
DA:1063,8
DA:1064,8
DA:1065,8
DA:1067,8
DA:1068,16
DA:1069,8
DA:1072,0
DA:1075,0
DA:1076,0
DA:1077,0
DA:1078,0
DA:1080,0
DA:1082,0
DA:1083,0
DA:1084,0
DA:1086,0
DA:1088,0
DA:1089,0
DA:1091,0
DA:1092,0
DA:1094,0
DA:1096,0
DA:1097,0
DA:1098,0
DA:1100,0
DA:1102,0
DA:1103,0
DA:1105,0
DA:1106,0
DA:1108,0
DA:1110,0
DA:1111,0
DA:1113,0
DA:1114,0
DA:1116,0
DA:1118,0
DA:1119,0
DA:1121,0
DA:1122,0
DA:1124,0
DA:1129,0
DA:1130,0
DA:1131,0
DA:1133,0
DA:1134,0
DA:1135,0
DA:1136,0
DA:1137,0
DA:1138,0
DA:1139,0
DA:1140,0
DA:1141,0
DA:1142,0
DA:1143,0
DA:1144,0
DA:1145,0
DA:1146,0
DA:1147,0
DA:1148,0
DA:1152,0
DA:1154,0
DA:1157,8
DA:1169,1
DA:1177,0
DA:1179,0
DA:1180,0
DA:1181,0
DA:1182,0
DA:1183,0
DA:1184,0
DA:1185,0
DA:1186,0
DA:1190,0
DA:1191,0
DA:1192,0
DA:1193,0
DA:1194,0
DA:1195,0
DA:1196,0
DA:1197,0
DA:1198,0
DA:1202,0
DA:1204,0
DA:1205,0
DA:1206,0
DA:1207,0
DA:1208,0
DA:1209,0
DA:1210,0
DA:1212,0
DA:1213,0
DA:1216,0
DA:1218,0
DA:1219,0
DA:1220,0
DA:1221,0
DA:1222,0
DA:1223,0
DA:1224,0
DA:1225,0
DA:1226,0
DA:1230,0
DA:1238,0
DA:1239,0
DA:1240,0
DA:1241,0
DA:1242,0
DA:1243,0
DA:1244,0
DA:1245,0
DA:1247,0
DA:1249,0
DA:1250,0
DA:1251,0
DA:1252,0
DA:1253,0
DA:1254,0
DA:1255,0
DA:1256,0
DA:1257,0
DA:1258,0
DA:1261,0
DA:1262,0
DA:1263,0
DA:1264,0
DA:1265,0
DA:1266,0
DA:1267,0
DA:1268,0
DA:1269,0
DA:1270,0
DA:1273,0
DA:1274,0
DA:1275,0
DA:1276,0
DA:1277,0
DA:1278,0
DA:1279,0
DA:1280,0
DA:1281,0
DA:1282,0
DA:1294,0
DA:1304,0
DA:1313,0
DA:1314,0
DA:1315,0
DA:1316,0
DA:1317,0
DA:1318,0
DA:1319,0
DA:1320,0
DA:1330,0
DA:1331,0
DA:1332,0
DA:1333,0
DA:1334,0
DA:1335,0
DA:1336,0
DA:1337,0
DA:1338,0
DA:1342,0
DA:1351,0
DA:1352,0
DA:1353,0
DA:1354,0
DA:1355,0
DA:1356,0
DA:1357,0
DA:1358,0
DA:1359,0
DA:1363,0
DA:1365,0
DA:1366,0
DA:1367,0
DA:1369,0
DA:1370,0
DA:1372,0
DA:1373,0
DA:1375,0
DA:1376,0
DA:1378,0
DA:1379,0
DA:1381,0
DA:1382,0
DA:1384,0
DA:1385,0
DA:1387,0
DA:1388,0
DA:1393,0
DA:1395,0
DA:1396,0
DA:1397,0
DA:1398,0
DA:1399,0
DA:1400,0
DA:1401,0
DA:1402,0
DA:1403,0
DA:1404,0
DA:1405,0
DA:1414,8
DA:1416,16
DA:1417,8
DA:1422,16
DA:1423,8
DA:1430,16
DA:1431,8
DA:1438,8
DA:1439,16
DA:1443,8
DA:1445,40
DA:1446,8
DA:1447,16
DA:1448,8
DA:1451,5
DA:1454,5
DA:1455,5
DA:1456,5
DA:1457,20
DA:1459,0
DA:1461,5
DA:1462,5
DA:1463,15
DA:1465,5
DA:1466,5
DA:1468,10
DA:1469,5
DA:1471,5
DA:1472,0
DA:1474,0
DA:1475,0
DA:1480,0
DA:1481,0
DA:1482,3
DA:1484,2
DA:1485,3
DA:1486,6
DA:1487,9
DA:1488,6
DA:1489,9
DA:1490,6
DA:1491,9
DA:1492,9
DA:1494,6
DA:1498,2
DA:1500,4
DA:1503,8
DA:1513,3
DA:1518,0
DA:1520,0
DA:1521,0
DA:1522,0
DA:1523,0
DA:1524,0
DA:1525,0
DA:1526,0
DA:1531,0
DA:1532,0
DA:1533,0
DA:1534,0
DA:1535,0
DA:1536,0
DA:1538,0
DA:1542,0
DA:1544,0
DA:1545,0
DA:1546,0
DA:1547,0
DA:1548,0
DA:1550,0
DA:1553,0
DA:1555,0
DA:1556,0
DA:1557,0
DA:1558,0
DA:1559,0
DA:1561,0
DA:1565,0
DA:1570,0
DA:1571,0
DA:1572,0
DA:1573,0
DA:1574,0
DA:1575,0
DA:1576,0
DA:1578,0
DA:1580,0
DA:1581,0
DA:1582,0
DA:1583,0
DA:1584,0
DA:1585,0
DA:1586,0
DA:1589,0
DA:1591,0
DA:1592,0
DA:1595,0
DA:1596,0
DA:1597,0
DA:1598,0
DA:1599,0
DA:1608,0
DA:1615,6
DA:1621,6
DA:1622,0
DA:1629,0
DA:1630,0
DA:1631,0
DA:1632,0
DA:1634,0
DA:1635,0
DA:1639,0
DA:1645,0
DA:1646,0
DA:1647,0
DA:1648,0
DA:1650,0
DA:1651,0
DA:1655,5
DA:1657,5
DA:1658,10
DA:1659,20
DA:1661,10
DA:1662,20
DA:1664,10
DA:1665,20
DA:1667,10
DA:1668,0
DA:1669,0
DA:1671,10
DA:1672,0
DA:1677,0
DA:1679,0
DA:1680,0
DA:1681,0
DA:1682,0
DA:1683,0
DA:1684,0
DA:1685,0
DA:1686,0
DA:1694,8
DA:1696,16
DA:1697,8
DA:1703,16
DA:1704,8
DA:1710,16
DA:1711,8
DA:1717,16
DA:1718,8
DA:1724,16
DA:1725,8
DA:1731,16
DA:1732,8
DA:1738,16
DA:1739,8
DA:1746,16
DA:1747,8
DA:1753,16
DA:1754,8
DA:1758,8
DA:1759,8
DA:1760,8
DA:1761,8
DA:1762,8
DA:1763,8
DA:1764,8
DA:1765,8
DA:1766,8
DA:1767,8
DA:1768,8
DA:1770,8
DA:1771,16
DA:1772,8
DA:1775,0
DA:1778,0
DA:1779,0
DA:1780,0
DA:1781,0
DA:1782,0
DA:1784,0
DA:1786,0
DA:1787,0
DA:1788,0
DA:1790,0
DA:1792,0
DA:1793,0
DA:1794,0
DA:1796,0
DA:1798,0
DA:1799,0
DA:1801,0
DA:1802,0
DA:1804,0
DA:1806,0
DA:1807,0
DA:1809,0
DA:1810,0
DA:1812,0
DA:1814,0
DA:1815,0
DA:1816,0
DA:1818,0
DA:1819,0
DA:1821,0
DA:1822,0
DA:1824,0
DA:1825,0
DA:1827,0
DA:1828,0
DA:1830,0
DA:1832,0
DA:1833,0
DA:1835,0
DA:1836,0
DA:1841,0
DA:1843,0
DA:1844,0
DA:1846,0
DA:1847,0
DA:1848,0
DA:1849,0
DA:1850,0
DA:1851,0
DA:1852,0
DA:1853,0
DA:1854,0
DA:1855,0
DA:1856,0
DA:1857,0
DA:1858,0
DA:1859,0
DA:1860,0
DA:1861,0
DA:1862,0
DA:1863,0
DA:1864,0
DA:1865,0
DA:1869,2
DA:1871,4
DA:1874,8
DA:1879,8
DA:1893,0
DA:1903,0
DA:1905,0
DA:1906,0
DA:1907,0
DA:1908,0
DA:1909,0
DA:1910,0
DA:1911,0
DA:1912,0
DA:1914,0
DA:1915,0
DA:1916,0
DA:1917,0
DA:1922,0
DA:1923,0
DA:1924,0
DA:1925,0
DA:1926,0
DA:1927,0
DA:1928,0
DA:1929,0
DA:1931,0
DA:1932,0
DA:1933,0
DA:1934,0
DA:1936,0
DA:1940,0
DA:1942,0
DA:1943,0
DA:1944,0
DA:1945,0
DA:1946,0
DA:1947,0
DA:1948,0
DA:1949,0
DA:1950,0
DA:1951,0
DA:1952,0
DA:1955,0
DA:1957,0
DA:1958,0
DA:1959,0
DA:1960,0
DA:1961,0
DA:1962,0
DA:1963,0
DA:1964,0
DA:1965,0
DA:1966,0
DA:1967,0
DA:1971,0
DA:1981,0
DA:1982,0
DA:1983,0
DA:1984,0
DA:1985,0
DA:1986,0
DA:1987,0
DA:1988,0
DA:1989,0
DA:1991,0
DA:1993,0
DA:1995,0
DA:1996,0
DA:1997,0
DA:1998,0
DA:1999,0
DA:2000,0
DA:2001,0
DA:2002,0
DA:2003,0
DA:2004,0
DA:2005,0
DA:2006,0
DA:2009,0
DA:2010,0
DA:2011,0
DA:2012,0
DA:2015,0
DA:2016,0
DA:2017,0
DA:2018,0
DA:2019,0
DA:2020,0
DA:2021,0
DA:2022,0
DA:2023,0
DA:2024,0
DA:2038,0
DA:2050,1
DA:2061,1
DA:2062,1
DA:2063,1
DA:2064,1
DA:2065,1
DA:2066,1
DA:2067,0
DA:2079,0
DA:2080,0
DA:2081,0
DA:2082,0
DA:2083,0
DA:2084,0
DA:2085,0
DA:2086,0
DA:2087,0
DA:2088,0
DA:2089,0
DA:2093,0
DA:2104,0
DA:2105,0
DA:2106,0
DA:2107,0
DA:2108,0
DA:2109,0
DA:2110,0
DA:2111,0
DA:2112,0
DA:2113,0
DA:2114,0
DA:2118,0
DA:2120,0
DA:2121,0
DA:2122,0
DA:2124,0
DA:2125,0
DA:2127,0
DA:2128,0
DA:2130,0
DA:2131,0
DA:2133,0
DA:2134,0
DA:2136,0
DA:2137,0
DA:2139,0
DA:2140,0
DA:2142,0
DA:2143,0
DA:2145,0
DA:2146,0
DA:2148,0
DA:2149,0
DA:2154,0
DA:2156,0
DA:2157,0
DA:2158,0
DA:2159,0
DA:2160,0
DA:2161,0
DA:2162,0
DA:2163,0
DA:2164,0
DA:2165,0
DA:2166,0
DA:2167,0
DA:2168,0
DA:2177,8
DA:2180,16
DA:2181,8
DA:2187,16
DA:2188,8
DA:2193,16
DA:2194,8
DA:2200,16
DA:2201,8
DA:2207,16
DA:2208,8
DA:2214,16
DA:2215,8
DA:2221,16
DA:2222,8
DA:2228,8
DA:2229,16
DA:2235,16
DA:2236,8
DA:2242,16
DA:2243,8
DA:2248,8
DA:2249,8
DA:2250,8
DA:2251,8
DA:2252,8
DA:2253,8
DA:2254,8
DA:2255,8
DA:2256,8
DA:2257,8
DA:2258,8
DA:2259,8
DA:2261,8
DA:2262,16
DA:2263,8
DA:2266,0
DA:2269,0
DA:2270,0
DA:2271,0
DA:2272,0
DA:2273,0
DA:2275,0
DA:2277,0
DA:2278,0
DA:2279,0
DA:2281,0
DA:2283,0
DA:2284,0
DA:2285,0
DA:2287,0
DA:2289,0
DA:2290,0
DA:2292,0
DA:2293,0
DA:2295,0
DA:2296,0
DA:2298,0
DA:2299,0
DA:2301,0
DA:2303,0
DA:2304,0
DA:2306,0
DA:2307,0
DA:2309,0
DA:2310,0
DA:2311,0
DA:2313,0
DA:2315,0
DA:2316,0
DA:2318,0
DA:2319,0
DA:2321,0
DA:2322,0
DA:2324,0
DA:2325,0
DA:2327,0
DA:2328,0
DA:2329,0
DA:2334,0
DA:2335,0
DA:2336,0
DA:2338,0
DA:2339,0
DA:2340,0
DA:2341,0
DA:2342,0
DA:2343,0
DA:2344,0
DA:2345,0
DA:2346,0
DA:2347,0
DA:2348,0
DA:2349,0
DA:2350,0
DA:2351,0
DA:2352,0
DA:2353,0
DA:2354,0
DA:2355,0
DA:2356,0
DA:2357,0
DA:2358,0
DA:2359,0
DA:2363,0
DA:2365,0
DA:2368,8
DA:2373,8
DA:2388,3
DA:2399,0
DA:2401,0
DA:2402,0
DA:2403,0
DA:2404,0
DA:2405,0
DA:2406,0
DA:2408,0
DA:2409,0
DA:2410,0
DA:2411,0
DA:2412,0
DA:2414,0
DA:2415,0
DA:2417,0
DA:2421,0
DA:2422,0
DA:2423,0
DA:2424,0
DA:2425,0
DA:2426,0
DA:2428,0
DA:2429,0
DA:2430,0
DA:2431,0
DA:2432,0
DA:2434,0
DA:2435,0
DA:2437,0
DA:2438,0
DA:2442,0
DA:2444,0
DA:2445,0
DA:2446,0
DA:2447,0
DA:2448,0
DA:2449,0
DA:2450,0
DA:2451,0
DA:2452,0
DA:2454,0
DA:2455,0
DA:2456,0
DA:2459,0
DA:2461,0
DA:2462,0
DA:2463,0
DA:2464,0
DA:2465,0
DA:2466,0
DA:2467,0
DA:2468,0
DA:2469,0
DA:2470,0
DA:2471,0
DA:2472,0
DA:2476,0
DA:2487,0
DA:2488,0
DA:2489,0
DA:2490,0
DA:2492,0
DA:2493,0
DA:2494,0
DA:2495,0
DA:2496,0
DA:2497,0
DA:2498,0
DA:2500,0
DA:2501,0
DA:2503,0
DA:2505,0
DA:2506,0
DA:2507,0
DA:2508,0
DA:2509,0
DA:2510,0
DA:2511,0
DA:2512,0
DA:2513,0
DA:2514,0
DA:2515,0
DA:2516,0
DA:2517,0
DA:2520,0
DA:2521,0
DA:2522,0
DA:2523,0
DA:2524,0
DA:2525,0
DA:2526,0
DA:2527,0
DA:2528,0
DA:2529,0
DA:2530,0
DA:2531,0
DA:2532,1
DA:2535,0
DA:2536,0
DA:2537,0
DA:2538,0
DA:2539,0
DA:2540,0
DA:2541,0
DA:2542,0
DA:2543,0
DA:2544,0
DA:2545,0
DA:2560,1
DA:2573,0
DA:2585,0
DA:2586,0
DA:2587,0
DA:2588,0
DA:2589,0
DA:2590,0
DA:2603,0
DA:2604,0
DA:2605,0
DA:2606,0
DA:2607,0
DA:2608,0
DA:2609,0
DA:2610,0
DA:2611,0
DA:2612,0
DA:2613,0
DA:2614,0
DA:2618,0
DA:2630,0
DA:2631,0
DA:2632,0
DA:2633,0
DA:2634,0
DA:2635,0
DA:2636,0
DA:2637,0
DA:2638,0
DA:2639,0
DA:2640,0
DA:2641,0
DA:2645,0
DA:2647,0
DA:2648,0
DA:2649,0
DA:2651,0
DA:2652,0
DA:2654,0
DA:2655,0
DA:2657,0
DA:2658,0
DA:2660,0
DA:2661,0
DA:2663,0
DA:2664,0
DA:2666,0
DA:2667,0
DA:2669,0
DA:2670,0
DA:2672,0
DA:2673,0
DA:2675,0
DA:2676,0
DA:2678,0
DA:2679,0
DA:2684,0
DA:2686,0
DA:2687,0
DA:2688,0
DA:2689,0
DA:2690,0
DA:2691,0
DA:2692,0
DA:2693,0
DA:2694,0
DA:2695,0
DA:2696,0
DA:2697,0
DA:2698,0
DA:2699,0
DA:2707,8
DA:2709,16
DA:2710,8
DA:2716,16
DA:2717,8
DA:2722,16
DA:2723,8
DA:2729,16
DA:2730,8
DA:2735,16
DA:2736,8
DA:2742,16
DA:2743,8
DA:2750,16
DA:2751,8
DA:2758,16
DA:2759,8
DA:2766,8
DA:2767,16
DA:2773,16
DA:2774,8
DA:2780,16
DA:2781,8
DA:2786,8
DA:2787,8
DA:2788,8
DA:2789,8
DA:2790,8
DA:2791,8
DA:2792,8
DA:2793,8
DA:2794,8
DA:2795,8
DA:2796,8
DA:2797,8
DA:2798,8
DA:2800,8
DA:2801,16
DA:2802,8
DA:2805,7
DA:2808,7
DA:2809,7
DA:2810,7
DA:2811,28
DA:2813,0
DA:2815,7
DA:2816,7
DA:2817,21
DA:2819,0
DA:2821,7
DA:2822,7
DA:2823,21
DA:2825,0
DA:2827,7
DA:2828,5
DA:2830,10
DA:2831,5
DA:2833,7
DA:2834,7
DA:2835,21
DA:2837,0
DA:2839,7
DA:2840,0
DA:2842,0
DA:2843,0
DA:2845,7
DA:2846,0
DA:2848,0
DA:2849,0
DA:2851,7
DA:2852,0
DA:2853,0
DA:2855,7
DA:2856,0
DA:2858,0
DA:2859,0
DA:2861,7
DA:2862,0
DA:2864,0
DA:2865,0
DA:2867,7
DA:2868,7
DA:2869,21
DA:2874,0
DA:2875,0
DA:2876,3
DA:2878,0
DA:2879,3
DA:2880,6
DA:2881,9
DA:2882,6
DA:2883,9
DA:2884,6
DA:2885,9
DA:2886,6
DA:2887,9
DA:2888,6
DA:2889,9
DA:2890,6
DA:2891,9
DA:2892,6
DA:2893,9
DA:2894,6
DA:2895,9
DA:2896,9
DA:2897,6
DA:2898,6
DA:2899,9
DA:2900,6
DA:2901,9
DA:2905,0
DA:2907,0
DA:2910,8
DA:2912,8
DA:2928,6
DA:2940,0
DA:2942,0
DA:2943,0
DA:2944,0
DA:2945,0
DA:2946,0
DA:2947,0
DA:2949,0
DA:2950,0
DA:2951,0
DA:2952,0
DA:2953,0
DA:2954,0
DA:2956,0
DA:2957,0
DA:2959,0
DA:2963,0
DA:2964,0
DA:2965,0
DA:2966,0
DA:2967,0
DA:2968,0
DA:2970,0
DA:2971,0
DA:2972,0
DA:2973,0
DA:2974,0
DA:2975,0
DA:2977,0
DA:2978,0
DA:2980,0
DA:2981,0
DA:2985,0
DA:2987,0
DA:2988,0
DA:2989,0
DA:2990,0
DA:2991,0
DA:2992,0
DA:2993,0
DA:2994,0
DA:2995,0
DA:2996,0
DA:2998,0
DA:2999,0
DA:3000,0
DA:3003,0
DA:3005,0
DA:3006,0
DA:3007,0
DA:3008,0
DA:3009,0
DA:3010,0
DA:3011,0
DA:3012,0
DA:3013,0
DA:3014,0
DA:3015,0
DA:3016,0
DA:3017,0
DA:3021,0
DA:3033,0
DA:3034,0
DA:3035,0
DA:3036,0
DA:3038,0
DA:3039,0
DA:3040,0
DA:3041,0
DA:3042,0
DA:3043,0
DA:3044,0
DA:3045,0
DA:3047,0
DA:3048,0
DA:3050,1
DA:3052,1
DA:3053,3
DA:3054,3
DA:3055,3
DA:3056,3
DA:3057,3
DA:3058,3
DA:3059,3
DA:3060,3
DA:3061,3
DA:3062,3
DA:3063,3
DA:3064,1
DA:3065,1
DA:3068,0
DA:3069,0
DA:3070,0
DA:3071,0
DA:3072,0
DA:3073,0
DA:3074,0
DA:3075,0
DA:3076,0
DA:3077,0
DA:3078,0
DA:3079,0
DA:3080,0
DA:3081,2
DA:3084,0
DA:3085,0
DA:3086,0
DA:3087,0
DA:3088,0
DA:3089,0
DA:3090,0
DA:3091,0
DA:3092,0
DA:3093,0
DA:3094,0
DA:3095,0
DA:3111,0
DA:3125,7
DA:3138,7
DA:3139,7
DA:3140,7
DA:3141,7
DA:3142,0
DA:3156,0
DA:3157,0
DA:3158,0
DA:3159,0
DA:3160,0
DA:3161,0
DA:3162,0
DA:3163,0
DA:3164,0
DA:3165,0
DA:3166,0
DA:3167,0
DA:3168,0
DA:3172,0
DA:3185,0
DA:3186,0
DA:3187,0
DA:3188,0
DA:3189,0
DA:3190,0
DA:3191,0
DA:3192,0
DA:3193,0
DA:3194,0
DA:3195,0
DA:3196,0
DA:3197,0
DA:3201,7
DA:3203,7
DA:3204,14
DA:3205,28
DA:3207,14
DA:3208,28
DA:3210,14
DA:3211,28
DA:3213,14
DA:3214,20
DA:3216,14
DA:3217,28
DA:3219,14
DA:3220,0
DA:3222,14
DA:3223,0
DA:3225,14
DA:3226,0
DA:3228,14
DA:3229,0
DA:3231,14
DA:3232,0
DA:3234,14
DA:3235,28
DA:3237,14
DA:3238,0
DA:3243,0
DA:3245,0
DA:3246,0
DA:3247,0
DA:3248,0
DA:3249,0
DA:3250,0
DA:3251,0
DA:3252,0
DA:3253,0
DA:3254,0
DA:3255,0
DA:3256,0
DA:3257,0
DA:3258,0
DA:3259,0
DA:3267,8
DA:3269,16
DA:3270,8
DA:3276,16
DA:3277,8
DA:3282,16
DA:3283,8
DA:3289,16
DA:3290,8
DA:3295,16
DA:3296,8
DA:3302,8
DA:3303,16
DA:3309,16
DA:3310,8
DA:3316,16
DA:3317,8
DA:3323,16
DA:3324,8
DA:3330,16
DA:3331,8
DA:3337,16
DA:3338,8
DA:3344,16
DA:3345,8
DA:3351,16
DA:3352,8
DA:3359,8
DA:3360,16
DA:3366,16
DA:3367,8
DA:3372,16
DA:3373,8
DA:3379,8
DA:3380,16
DA:3386,16
DA:3387,8
DA:3394,16
DA:3395,8
DA:3399,8
DA:3400,8
DA:3401,8
DA:3402,8
DA:3403,8
DA:3404,8
DA:3405,8
DA:3406,8
DA:3407,8
DA:3408,8
DA:3409,8
DA:3410,8
DA:3411,8
DA:3412,8
DA:3413,8
DA:3414,8
DA:3415,8
DA:3416,8
DA:3417,8
DA:3418,8
DA:3419,8
DA:3421,8
DA:3422,16
DA:3423,8
DA:3426,5
DA:3429,5
DA:3430,5
DA:3431,5
DA:3432,5
DA:3433,15
DA:3435,0
DA:3437,5
DA:3438,5
DA:3439,15
DA:3441,0
DA:3443,5
DA:3444,5
DA:3445,15
DA:3447,0
DA:3449,5
DA:3450,5
DA:3452,10
DA:3453,5
DA:3455,0
DA:3457,5
DA:3458,5
DA:3459,15
DA:3461,0
DA:3463,5
DA:3464,5
DA:3466,10
DA:3467,5
DA:3469,0
DA:3471,5
DA:3472,5
DA:3474,10
DA:3475,5
DA:3477,5
DA:3478,5
DA:3480,10
DA:3481,5
DA:3483,0
DA:3485,5
DA:3486,5
DA:3487,15
DA:3489,0
DA:3491,5
DA:3492,0
DA:3494,0
DA:3495,0
DA:3497,5
DA:3498,0
DA:3499,0
DA:3501,5
DA:3502,0
DA:3503,0
DA:3505,5
DA:3506,5
DA:3508,10
DA:3509,5
DA:3511,5
DA:3512,0
DA:3514,0
DA:3515,0
DA:3517,5
DA:3518,0
DA:3520,0
DA:3521,0
DA:3523,5
DA:3524,5
DA:3525,15
DA:3527,0
DA:3529,5
DA:3530,0
DA:3532,0
DA:3533,0
DA:3535,5
DA:3536,5
DA:3537,15
DA:3539,5
DA:3540,0
DA:3542,0
DA:3543,0
DA:3548,0
DA:3549,0
DA:3550,1
DA:3552,0
DA:3553,1
DA:3554,2
DA:3555,3
DA:3556,2
DA:3557,3
DA:3558,2
DA:3559,3
DA:3560,2
DA:3561,3
DA:3562,2
DA:3563,3
DA:3564,3
DA:3565,2
DA:3566,2
DA:3567,3
DA:3568,2
DA:3569,3
DA:3570,2
DA:3571,3
DA:3572,2
DA:3573,3
DA:3574,2
DA:3575,3
DA:3576,2
DA:3577,3
DA:3578,2
DA:3579,3
DA:3580,3
DA:3581,2
DA:3582,2
DA:3583,3
DA:3584,2
DA:3585,3
DA:3586,3
DA:3588,2
DA:3589,2
DA:3590,3
DA:3591,2
DA:3592,3
DA:3596,0
DA:3598,0
DA:3601,8
DA:3608,8
DA:3632,1
DA:3652,0
DA:3654,0
DA:3655,0
DA:3656,0
DA:3657,0
DA:3658,0
DA:3659,0
DA:3660,0
DA:3661,0
DA:3662,0
DA:3664,0
DA:3665,0
DA:3666,0
DA:3667,0
DA:3669,0
DA:3670,0
DA:3672,0
DA:3673,0
DA:3675,0
DA:3676,0
DA:3677,0
DA:3679,0
DA:3680,0
DA:3682,0
DA:3683,0
DA:3684,0
DA:3686,0
DA:3687,0
DA:3688,0
DA:3693,0
DA:3694,0
DA:3695,0
DA:3696,0
DA:3697,0
DA:3698,0
DA:3699,0
DA:3700,0
DA:3701,0
DA:3703,0
DA:3704,0
DA:3705,0
DA:3706,0
DA:3708,0
DA:3709,0
DA:3711,0
DA:3712,0
DA:3714,0
DA:3715,0
DA:3716,0
DA:3718,0
DA:3719,0
DA:3721,0
DA:3722,0
DA:3723,0
DA:3725,0
DA:3726,0
DA:3727,0
DA:3729,0
DA:3733,0
DA:3735,0
DA:3736,0
DA:3737,0
DA:3738,0
DA:3739,0
DA:3740,0
DA:3741,0
DA:3742,0
DA:3743,0
DA:3744,0
DA:3745,0
DA:3746,0
DA:3747,0
DA:3748,0
DA:3749,0
DA:3751,0
DA:3752,0
DA:3753,0
DA:3755,0
DA:3756,0
DA:3757,0
DA:3760,0
DA:3762,0
DA:3763,0
DA:3764,0
DA:3765,0
DA:3766,0
DA:3767,0
DA:3768,0
DA:3769,0
DA:3770,0
DA:3771,0
DA:3772,0
DA:3773,0
DA:3774,0
DA:3775,0
DA:3776,0
DA:3777,0
DA:3778,0
DA:3779,0
DA:3781,0
DA:3782,0
DA:3783,0
DA:3787,0
DA:3807,0
DA:3808,0
DA:3809,0
DA:3810,0
DA:3811,0
DA:3812,0
DA:3813,0
DA:3814,0
DA:3815,0
DA:3816,0
DA:3817,0
DA:3818,0
DA:3819,0
DA:3820,0
DA:3821,0
DA:3822,0
DA:3823,0
DA:3824,0
DA:3825,0
DA:3827,0
DA:3828,0
DA:3829,0
DA:3830,0
DA:3831,0
DA:3832,0
DA:3834,0
DA:3836,0
DA:3838,0
DA:3839,0
DA:3840,0
DA:3841,0
DA:3842,0
DA:3843,0
DA:3844,0
DA:3845,0
DA:3846,0
DA:3847,0
DA:3848,0
DA:3849,0
DA:3850,0
DA:3851,0
DA:3852,0
DA:3853,0
DA:3854,0
DA:3855,0
DA:3856,0
DA:3857,0
DA:3858,0
DA:3859,0
DA:3862,0
DA:3863,0
DA:3864,0
DA:3865,0
DA:3866,0
DA:3867,0
DA:3868,0
DA:3869,0
DA:3870,0
DA:3871,0
DA:3872,0
DA:3873,0
DA:3874,0
DA:3875,0
DA:3876,0
DA:3877,0
DA:3878,0
DA:3879,0
DA:3880,0
DA:3881,0
DA:3882,0
DA:3883,0
DA:3886,0
DA:3887,0
DA:3888,0
DA:3889,0
DA:3890,0
DA:3891,0
DA:3892,0
DA:3893,0
DA:3894,0
DA:3895,0
DA:3896,0
DA:3897,0
DA:3898,0
DA:3899,0
DA:3900,0
DA:3901,0
DA:3902,0
DA:3903,0
DA:3904,0
DA:3905,0
DA:3929,3
DA:3951,6
DA:3972,6
DA:3973,6
DA:3974,6
DA:3975,6
DA:3976,6
DA:3977,6
DA:3978,6
DA:3979,6
DA:3980,6
DA:3981,0
DA:4003,0
DA:4004,0
DA:4005,0
DA:4006,0
DA:4007,0
DA:4008,0
DA:4009,0
DA:4010,0
DA:4011,0
DA:4012,0
DA:4013,0
DA:4014,0
DA:4015,0
DA:4016,0
DA:4017,0
DA:4018,0
DA:4019,0
DA:4021,0
DA:4022,0
DA:4023,0
DA:4024,0
DA:4028,0
DA:4049,0
DA:4050,0
DA:4051,0
DA:4052,0
DA:4053,0
DA:4054,0
DA:4055,0
DA:4056,0
DA:4057,0
DA:4058,0
DA:4059,0
DA:4060,0
DA:4061,0
DA:4062,0
DA:4063,0
DA:4064,0
DA:4065,0
DA:4067,0
DA:4068,0
DA:4069,0
DA:4070,0
DA:4074,5
DA:4076,5
DA:4077,10
DA:4078,20
DA:4080,10
DA:4081,20
DA:4083,10
DA:4084,20
DA:4086,10
DA:4087,20
DA:4089,10
DA:4090,20
DA:4092,10
DA:4093,20
DA:4095,10
DA:4096,20
DA:4098,10
DA:4099,20
DA:4101,10
DA:4102,20
DA:4104,10
DA:4105,0
DA:4107,10
DA:4108,0
DA:4110,10
DA:4111,0
DA:4113,10
DA:4114,20
DA:4116,10
DA:4117,0
DA:4119,10
DA:4120,0
DA:4122,10
DA:4123,20
DA:4125,10
DA:4126,0
DA:4127,0
DA:4129,10
DA:4130,20
DA:4132,10
DA:4133,0
DA:4135,10
DA:4136,0
DA:4141,0
DA:4143,0
DA:4144,0
DA:4145,0
DA:4146,0
DA:4147,0
DA:4148,0
DA:4149,0
DA:4150,0
DA:4151,0
DA:4152,0
DA:4153,0
DA:4154,0
DA:4155,0
DA:4156,0
DA:4157,0
DA:4158,0
DA:4159,0
DA:4160,0
DA:4161,0
DA:4162,0
DA:4163,0
DA:4164,0
DA:4165,0
DA:4173,8
DA:4175,16
DA:4176,8
DA:4182,16
DA:4183,8
DA:4188,16
DA:4189,8
DA:4195,16
DA:4196,8
DA:4201,16
DA:4202,8
DA:4207,16
DA:4208,8
DA:4214,8
DA:4215,16
DA:4221,16
DA:4222,8
DA:4228,16
DA:4229,8
DA:4235,16
DA:4236,8
DA:4242,16
DA:4243,8
DA:4249,16
DA:4250,8
DA:4256,8
DA:4257,16
DA:4263,8
DA:4264,16
DA:4270,16
DA:4271,8
DA:4277,16
DA:4278,8
DA:4285,16
DA:4286,8
DA:4293,16
DA:4294,8
DA:4301,16
DA:4302,8
DA:4306,8
DA:4307,8
DA:4308,8
DA:4309,8
DA:4310,8
DA:4311,8
DA:4312,8
DA:4313,8
DA:4314,8
DA:4315,8
DA:4316,8
DA:4317,8
DA:4318,8
DA:4319,8
DA:4320,8
DA:4321,8
DA:4322,8
DA:4323,8
DA:4324,8
DA:4325,8
DA:4326,8
DA:4328,8
DA:4329,16
DA:4330,8
DA:4333,5
DA:4336,5
DA:4337,5
DA:4338,5
DA:4339,20
DA:4341,0
DA:4343,5
DA:4344,5
DA:4345,15
DA:4347,0
DA:4349,5
DA:4350,5
DA:4351,15
DA:4353,0
DA:4355,5
DA:4356,5
DA:4358,10
DA:4359,5
DA:4361,0
DA:4363,5
DA:4364,5
DA:4365,15
DA:4367,0
DA:4369,5
DA:4370,5
DA:4371,15
DA:4373,0
DA:4375,5
DA:4376,5
DA:4378,10
DA:4379,5
DA:4381,0
DA:4383,5
DA:4384,5
DA:4386,10
DA:4387,5
DA:4389,5
DA:4390,5
DA:4391,15
DA:4393,0
DA:4395,5
DA:4396,0
DA:4398,0
DA:4399,0
DA:4401,5
DA:4402,0
DA:4403,0
DA:4405,5
DA:4406,0
DA:4407,0
DA:4409,5
DA:4410,0
DA:4412,0
DA:4413,0
DA:4415,5
DA:4416,0
DA:4418,0
DA:4419,0
DA:4421,5
DA:4422,0
DA:4424,0
DA:4425,0
DA:4427,5
DA:4428,5
DA:4429,15
DA:4431,5
DA:4432,5
DA:4434,10
DA:4435,5
DA:4437,5
DA:4438,0
DA:4440,0
DA:4441,0
DA:4443,5
DA:4444,0
DA:4446,0
DA:4447,0
DA:4452,0
DA:4453,0
DA:4454,2
DA:4456,0
DA:4457,2
DA:4458,4
DA:4459,6
DA:4460,4
DA:4461,6
DA:4462,4
DA:4463,6
DA:4464,4
DA:4465,6
DA:4466,4
DA:4467,6
DA:4468,4
DA:4469,6
DA:4470,6
DA:4471,4
DA:4472,4
DA:4473,6
DA:4474,4
DA:4475,6
DA:4476,4
DA:4477,6
DA:4478,4
DA:4479,6
DA:4480,4
DA:4481,6
DA:4482,6
DA:4484,4
DA:4485,6
DA:4486,4
DA:4487,4
DA:4488,6
DA:4489,4
DA:4490,6
DA:4491,4
DA:4492,6
DA:4493,4
DA:4494,6
DA:4495,4
DA:4496,6
DA:4500,0
DA:4502,0
DA:4505,8
DA:4507,8
DA:4531,5
DA:4551,0
DA:4553,0
DA:4554,0
DA:4555,0
DA:4556,0
DA:4557,0
DA:4558,0
DA:4559,0
DA:4560,0
DA:4561,0
DA:4562,0
DA:4564,0
DA:4565,0
DA:4566,0
DA:4568,0
DA:4569,0
DA:4571,0
DA:4572,0
DA:4574,0
DA:4575,0
DA:4577,0
DA:4578,0
DA:4580,0
DA:4581,0
DA:4583,0
DA:4584,0
DA:4585,0
DA:4586,0
DA:4587,0
DA:4592,0
DA:4593,0
DA:4594,0
DA:4595,0
DA:4596,0
DA:4597,0
DA:4598,0
DA:4599,0
DA:4600,0
DA:4601,0
DA:4603,0
DA:4604,0
DA:4605,0
DA:4607,0
DA:4608,0
DA:4610,0
DA:4611,0
DA:4613,0
DA:4614,0
DA:4616,0
DA:4617,0
DA:4619,0
DA:4620,0
DA:4622,0
DA:4623,0
DA:4624,0
DA:4625,0
DA:4626,0
DA:4628,0
DA:4632,0
DA:4634,0
DA:4635,0
DA:4636,0
DA:4637,0
DA:4638,0
DA:4639,0
DA:4640,0
DA:4641,0
DA:4642,0
DA:4643,0
DA:4644,0
DA:4645,0
DA:4646,0
DA:4647,0
DA:4649,0
DA:4651,0
DA:4652,0
DA:4653,0
DA:4654,0
DA:4655,0
DA:4656,0
DA:4659,0
DA:4661,0
DA:4662,0
DA:4663,0
DA:4664,0
DA:4665,0
DA:4666,0
DA:4667,0
DA:4668,0
DA:4669,0
DA:4670,0
DA:4671,0
DA:4672,0
DA:4673,0
DA:4674,0
DA:4676,0
DA:4677,0
DA:4678,0
DA:4679,0
DA:4680,0
DA:4681,0
DA:4682,0
DA:4686,0
DA:4706,0
DA:4707,0
DA:4708,0
DA:4709,0
DA:4710,0
DA:4711,0
DA:4712,0
DA:4713,0
DA:4714,0
DA:4715,0
DA:4716,0
DA:4717,0
DA:4718,0
DA:4719,0
DA:4720,0
DA:4721,0
DA:4722,0
DA:4723,0
DA:4724,0
DA:4725,0
DA:4726,0
DA:4728,0
DA:4729,0
DA:4730,0
DA:4731,0
DA:4733,0
DA:4735,0
DA:4737,0
DA:4738,0
DA:4739,0
DA:4740,0
DA:4741,0
DA:4742,0
DA:4743,0
DA:4744,0
DA:4745,0
DA:4746,0
DA:4747,0
DA:4748,0
DA:4749,0
DA:4750,0
DA:4751,0
DA:4752,0
DA:4753,0
DA:4754,0
DA:4755,0
DA:4756,0
DA:4757,0
DA:4758,0
DA:4761,0
DA:4762,0
DA:4763,0
DA:4764,0
DA:4765,0
DA:4766,0
DA:4767,0
DA:4768,0
DA:4769,0
DA:4770,0
DA:4771,0
DA:4772,0
DA:4773,0
DA:4774,0
DA:4775,0
DA:4776,0
DA:4777,0
DA:4778,0
DA:4779,0
DA:4780,0
DA:4781,0
DA:4782,0
DA:4785,0
DA:4786,0
DA:4787,0
DA:4788,0
DA:4789,0
DA:4790,0
DA:4791,0
DA:4792,0
DA:4793,0
DA:4794,0
DA:4795,0
DA:4796,0
DA:4797,0
DA:4798,0
DA:4799,0
DA:4800,0
DA:4801,0
DA:4802,0
DA:4803,0
DA:4804,0
DA:4828,0
DA:4850,5
DA:4871,5
DA:4872,5
DA:4873,5
DA:4874,5
DA:4875,5
DA:4876,5
DA:4877,5
DA:4878,5
DA:4879,0
DA:4901,0
DA:4902,0
DA:4903,0
DA:4904,0
DA:4905,0
DA:4906,0
DA:4907,0
DA:4908,0
DA:4909,0
DA:4910,0
DA:4911,0
DA:4912,0
DA:4913,0
DA:4915,0
DA:4916,0
DA:4917,0
DA:4918,0
DA:4919,0
DA:4920,0
DA:4921,0
DA:4922,0
DA:4926,0
DA:4947,0
DA:4948,0
DA:4949,0
DA:4950,0
DA:4951,0
DA:4952,0
DA:4953,0
DA:4954,0
DA:4955,0
DA:4956,0
DA:4957,0
DA:4958,0
DA:4959,0
DA:4961,0
DA:4962,0
DA:4963,0
DA:4964,0
DA:4965,0
DA:4966,0
DA:4967,0
DA:4968,0
DA:4972,5
DA:4974,5
DA:4975,10
DA:4976,20
DA:4978,10
DA:4979,20
DA:4981,10
DA:4982,20
DA:4984,10
DA:4985,20
DA:4987,10
DA:4988,20
DA:4990,10
DA:4991,20
DA:4993,10
DA:4994,20
DA:4996,10
DA:4997,20
DA:4999,10
DA:5000,20
DA:5002,10
DA:5003,0
DA:5005,10
DA:5006,0
DA:5008,10
DA:5009,0
DA:5011,10
DA:5012,0
DA:5013,0
DA:5015,10
DA:5016,0
DA:5018,10
DA:5019,0
DA:5021,10
DA:5022,20
DA:5024,10
DA:5025,20
DA:5027,10
DA:5028,0
DA:5030,10
DA:5031,0
DA:5033,10
DA:5034,0
DA:5039,0
DA:5041,0
DA:5042,0
DA:5043,0
DA:5044,0
DA:5045,0
DA:5046,0
DA:5047,0
DA:5048,0
DA:5049,0
DA:5050,0
DA:5051,0
DA:5052,0
DA:5053,0
DA:5054,0
DA:5055,0
DA:5056,0
DA:5057,0
DA:5058,0
DA:5059,0
DA:5060,0
DA:5061,0
DA:5062,0
DA:5063,0
DA:5071,8
DA:5073,16
DA:5074,8
DA:5080,16
DA:5081,8
DA:5087,16
DA:5088,8
DA:5093,16
DA:5094,8
DA:5100,16
DA:5101,8
DA:5107,16
DA:5108,8
DA:5115,16
DA:5116,8
DA:5122,8
DA:5123,16
DA:5129,8
DA:5130,16
DA:5136,16
DA:5137,8
DA:5143,8
DA:5144,16
DA:5150,16
DA:5151,8
DA:5157,16
DA:5158,8
DA:5165,16
DA:5166,8
DA:5171,8
DA:5172,8
DA:5173,8
DA:5174,8
DA:5175,8
DA:5176,8
DA:5177,8
DA:5178,8
DA:5179,8
DA:5180,8
DA:5181,8
DA:5182,8
DA:5183,8
DA:5184,8
DA:5185,8
DA:5186,8
DA:5188,8
DA:5189,16
DA:5190,8
DA:5193,8
DA:5196,8
DA:5197,8
DA:5198,8
DA:5199,32
DA:5201,0
DA:5203,8
DA:5204,8
DA:5206,16
DA:5207,8
DA:5209,0
DA:5211,8
DA:5212,8
DA:5214,16
DA:5215,8
DA:5217,0
DA:5219,8
DA:5220,8
DA:5221,24
DA:5223,0
DA:5225,8
DA:5226,0
DA:5228,0
DA:5229,0
DA:5231,8
DA:5232,0
DA:5234,0
DA:5235,0
DA:5237,8
DA:5238,8
DA:5239,24
DA:5241,0
DA:5243,8
DA:5244,1
DA:5246,2
DA:5247,1
DA:5249,8
DA:5250,1
DA:5252,2
DA:5253,1
DA:5255,8
DA:5256,0
DA:5257,0
DA:5259,8
DA:5260,0
DA:5262,0
DA:5263,0
DA:5265,8
DA:5266,0
DA:5268,0
DA:5269,0
DA:5271,8
DA:5272,1
DA:5274,2
DA:5275,1
DA:5277,8
DA:5278,1
DA:5280,2
DA:5281,1
DA:5286,1
DA:5287,1
DA:5288,4
DA:5290,0
DA:5291,4
DA:5292,8
DA:5293,12
DA:5294,8
DA:5295,12
DA:5296,8
DA:5297,12
DA:5298,8
DA:5299,12
DA:5300,8
DA:5301,12
DA:5302,8
DA:5303,12
DA:5304,8
DA:5305,12
DA:5306,8
DA:5307,12
DA:5308,8
DA:5309,12
DA:5310,8
DA:5311,12
DA:5312,12
DA:5313,8
DA:5314,8
DA:5315,12
DA:5316,8
DA:5317,12
DA:5318,8
DA:5319,12
DA:5323,1
DA:5325,2
DA:5328,8
DA:5347,7
DA:5362,0
DA:5364,0
DA:5365,0
DA:5366,0
DA:5367,0
DA:5368,0
DA:5369,0
DA:5370,0
DA:5372,0
DA:5373,0
DA:5375,0
DA:5376,0
DA:5377,0
DA:5379,0
DA:5380,0
DA:5382,0
DA:5383,0
DA:5385,0
DA:5386,0
DA:5388,0
DA:5389,0
DA:5391,0
DA:5392,0
DA:5396,0
DA:5397,0
DA:5398,0
DA:5399,0
DA:5400,0
DA:5401,0
DA:5402,0
DA:5404,0
DA:5405,0
DA:5407,0
DA:5408,0
DA:5409,0
DA:5411,0
DA:5412,0
DA:5414,0
DA:5415,0
DA:5417,0
DA:5418,0
DA:5420,0
DA:5421,0
DA:5423,0
DA:5424,0
DA:5425,0
DA:5429,0
DA:5431,0
DA:5432,0
DA:5433,0
DA:5434,0
DA:5435,0
DA:5436,0
DA:5437,0
DA:5438,0
DA:5439,0
DA:5440,0
DA:5441,0
DA:5442,0
DA:5444,0
DA:5445,0
DA:5446,0
DA:5447,0
DA:5450,0
DA:5452,0
DA:5453,0
DA:5454,0
DA:5455,0
DA:5456,0
DA:5457,0
DA:5458,0
DA:5459,0
DA:5460,0
DA:5461,0
DA:5462,0
DA:5463,0
DA:5464,0
DA:5465,0
DA:5466,0
DA:5467,0
DA:5471,0
DA:5486,0
DA:5487,0
DA:5488,0
DA:5489,0
DA:5490,0
DA:5491,0
DA:5492,0
DA:5493,0
DA:5494,0
DA:5495,0
DA:5497,0
DA:5498,0
DA:5499,0
DA:5500,0
DA:5501,0
DA:5502,0
DA:5503,0
DA:5504,0
DA:5506,0
DA:5507,0
DA:5508,0
DA:5510,0
DA:5512,0
DA:5513,0
DA:5514,0
DA:5515,0
DA:5516,0
DA:5517,0
DA:5518,0
DA:5519,0
DA:5520,0
DA:5521,0
DA:5522,0
DA:5523,0
DA:5524,0
DA:5525,0
DA:5526,0
DA:5527,0
DA:5528,0
DA:5531,0
DA:5532,0
DA:5533,0
DA:5534,0
DA:5535,0
DA:5536,0
DA:5537,0
DA:5538,0
DA:5539,0
DA:5540,0
DA:5541,0
DA:5542,0
DA:5543,0
DA:5544,0
DA:5545,0
DA:5546,0
DA:5547,2
DA:5550,0
DA:5551,0
DA:5552,0
DA:5553,0
DA:5554,0
DA:5555,0
DA:5556,0
DA:5557,0
DA:5558,0
DA:5559,0
DA:5560,0
DA:5561,0
DA:5562,0
DA:5563,0
DA:5564,0
DA:5565,0
DA:5584,1
DA:5601,8
DA:5617,8
DA:5618,8
DA:5619,8
DA:5620,8
DA:5621,8
DA:5622,0
DA:5639,0
DA:5640,0
DA:5641,0
DA:5642,0
DA:5643,0
DA:5644,0
DA:5645,0
DA:5646,0
DA:5647,0
DA:5648,0
DA:5649,0
DA:5650,0
DA:5651,0
DA:5652,0
DA:5653,0
DA:5654,0
DA:5658,1
DA:5674,1
DA:5675,1
DA:5676,1
DA:5677,1
DA:5678,1
DA:5679,1
DA:5680,1
DA:5681,1
DA:5682,1
DA:5683,1
DA:5684,1
DA:5685,1
DA:5686,1
DA:5687,1
DA:5688,1
DA:5689,1
DA:5693,8
DA:5695,8
DA:5696,16
DA:5697,32
DA:5699,16
DA:5700,32
DA:5702,16
DA:5703,32
DA:5705,16
DA:5706,32
DA:5708,16
DA:5709,0
DA:5711,16
DA:5712,0
DA:5714,16
DA:5715,32
DA:5717,16
DA:5718,4
DA:5720,16
DA:5721,4
DA:5723,16
DA:5724,0
DA:5726,16
DA:5727,0
DA:5729,16
DA:5730,0
DA:5732,16
DA:5733,4
DA:5735,16
DA:5736,4
DA:5738,16
DA:5739,0
DA:5744,0
DA:5746,0
DA:5747,0
DA:5748,0
DA:5749,0
DA:5750,0
DA:5751,0
DA:5752,0
DA:5753,0
DA:5754,0
DA:5755,0
DA:5756,0
DA:5757,0
DA:5758,0
DA:5759,0
DA:5760,0
DA:5761,0
DA:5762,0
DA:5763,0
DA:5772,8
DA:5775,16
DA:5776,8
DA:5782,16
DA:5783,8
DA:5789,16
DA:5790,8
DA:5795,16
DA:5796,8
DA:5802,16
DA:5803,8
DA:5809,16
DA:5810,8
DA:5816,16
DA:5817,8
DA:5823,16
DA:5824,8
DA:5830,16
DA:5831,8
DA:5837,8
DA:5838,16
DA:5844,16
DA:5845,8
DA:5849,8
DA:5850,8
DA:5851,8
DA:5852,8
DA:5853,8
DA:5854,8
DA:5855,8
DA:5856,8
DA:5857,8
DA:5858,8
DA:5859,8
DA:5860,8
DA:5861,8
DA:5863,8
DA:5864,16
DA:5865,8
DA:5868,0
DA:5871,0
DA:5872,0
DA:5873,0
DA:5874,0
DA:5875,0
DA:5877,0
DA:5879,0
DA:5880,0
DA:5882,0
DA:5883,0
DA:5885,0
DA:5887,0
DA:5888,0
DA:5890,0
DA:5891,0
DA:5893,0
DA:5895,0
DA:5896,0
DA:5897,0
DA:5899,0
DA:5901,0
DA:5902,0
DA:5903,0
DA:5905,0
DA:5907,0
DA:5908,0
DA:5910,0
DA:5911,0
DA:5913,0
DA:5915,0
DA:5916,0
DA:5918,0
DA:5919,0
DA:5921,0
DA:5922,0
DA:5923,0
DA:5925,0
DA:5927,0
DA:5928,0
DA:5929,0
DA:5931,0
DA:5932,0
DA:5934,0
DA:5935,0
DA:5937,0
DA:5938,0
DA:5940,0
DA:5941,0
DA:5946,0
DA:5947,0
DA:5948,0
DA:5950,0
DA:5951,0
DA:5952,0
DA:5953,0
DA:5954,0
DA:5955,0
DA:5956,0
DA:5957,0
DA:5958,0
DA:5959,0
DA:5960,0
DA:5961,0
DA:5962,0
DA:5963,0
DA:5964,0
DA:5965,0
DA:5966,0
DA:5967,0
DA:5968,0
DA:5969,0
DA:5970,0
DA:5971,0
DA:5972,0
DA:5973,0
DA:5977,0
DA:5979,0
DA:5982,8
DA:5987,8
DA:6003,0
DA:6015,0
DA:6017,0
DA:6018,0
DA:6019,0
DA:6020,0
DA:6021,0
DA:6022,0
DA:6023,0
DA:6024,0
DA:6025,0
DA:6026,0
DA:6027,0
DA:6029,0
DA:6030,0
DA:6032,0
DA:6033,0
DA:6038,0
DA:6039,0
DA:6040,0
DA:6041,0
DA:6042,0
DA:6043,0
DA:6044,0
DA:6045,0
DA:6046,0
DA:6047,0
DA:6048,0
DA:6050,0
DA:6051,0
DA:6053,0
DA:6054,0
DA:6056,0
DA:6060,0
DA:6062,0
DA:6063,0
DA:6064,0
DA:6065,0
DA:6066,0
DA:6067,0
DA:6068,0
DA:6069,0
DA:6070,0
DA:6071,0
DA:6072,0
DA:6074,0
DA:6075,0
DA:6078,0
DA:6080,0
DA:6081,0
DA:6082,0
DA:6083,0
DA:6084,0
DA:6085,0
DA:6086,0
DA:6087,0
DA:6088,0
DA:6089,0
DA:6090,0
DA:6091,0
DA:6092,0
DA:6096,0
DA:6108,0
DA:6109,0
DA:6110,0
DA:6111,0
DA:6112,0
DA:6113,0
DA:6114,0
DA:6115,0
DA:6116,0
DA:6117,0
DA:6118,0
DA:6119,0
DA:6120,0
DA:6122,0
DA:6124,0
DA:6126,0
DA:6127,0
DA:6128,0
DA:6129,0
DA:6130,0
DA:6131,0
DA:6132,0
DA:6133,0
DA:6134,0
DA:6135,0
DA:6136,0
DA:6137,0
DA:6138,0
DA:6139,0
DA:6142,0
DA:6143,0
DA:6144,0
DA:6145,0
DA:6146,0
DA:6147,0
DA:6148,0
DA:6149,0
DA:6150,0
DA:6151,0
DA:6152,0
DA:6153,0
DA:6154,0
DA:6155,0
DA:6158,0
DA:6159,0
DA:6160,0
DA:6161,0
DA:6162,0
DA:6163,0
DA:6164,0
DA:6165,0
DA:6166,0
DA:6167,0
DA:6168,0
DA:6169,0
DA:6185,1
DA:6199,0
DA:6212,0
DA:6213,0
DA:6214,0
DA:6215,0
DA:6216,0
DA:6217,0
DA:6218,0
DA:6219,0
DA:6233,0
DA:6234,0
DA:6235,0
DA:6236,0
DA:6237,0
DA:6238,0
DA:6239,0
DA:6240,0
DA:6241,0
DA:6242,0
DA:6243,0
DA:6244,0
DA:6245,0
DA:6249,0
DA:6262,0
DA:6263,0
DA:6264,0
DA:6265,0
DA:6266,0
DA:6267,0
DA:6268,0
DA:6269,0
DA:6270,0
DA:6271,0
DA:6272,0
DA:6273,0
DA:6274,0
DA:6278,0
DA:6280,0
DA:6281,0
DA:6282,0
DA:6284,0
DA:6285,0
DA:6287,0
DA:6288,0
DA:6290,0
DA:6291,0
DA:6293,0
DA:6294,0
DA:6296,0
DA:6297,0
DA:6299,0
DA:6300,0
DA:6302,0
DA:6303,0
DA:6305,0
DA:6306,0
DA:6308,0
DA:6309,0
DA:6311,0
DA:6312,0
DA:6314,0
DA:6315,0
DA:6320,0
DA:6322,0
DA:6323,0
DA:6324,0
DA:6325,0
DA:6326,0
DA:6327,0
DA:6328,0
DA:6329,0
DA:6330,0
DA:6331,0
DA:6332,0
DA:6333,0
DA:6334,0
DA:6335,0
DA:6336,0
DA:6341,16
DA:6342,16
DA:6343,16
DA:6344,16
DA:6345,16
DA:6346,8
DA:6347,8
DA:6348,16
DA:6349,16
DA:6350,16
DA:6351,16
DA:6352,16
DA:6353,16
DA:6354,16
DA:6355,16
DA:6358,0
DA:6360,0
DA:6361,8
DA:6362,8
DA:6363,8
DA:6364,8
DA:6365,8
DA:6366,8
DA:6367,8
DA:6368,8
DA:6369,8
DA:6370,8
DA:6371,8
DA:6372,8
DA:6373,8
DA:6374,8
LF:3489
LH:1008
end_of_record
SF:lib/models/database/database.dart
DA:31,16
DA:33,8
DA:35,8
DA:36,8
DA:37,8
DA:38,16
DA:39,8
DA:41,0
DA:43,0
DA:45,0
DA:46,0
DA:52,0
DA:53,0
DA:56,0
DA:58,0
DA:60,0
DA:62,0
DA:63,0
DA:64,0
DA:66,0
DA:67,0
DA:68,0
DA:70,0
DA:71,0
DA:72,0
DA:74,0
DA:75,0
DA:76,0
DA:77,0
DA:78,0
DA:80,0
DA:81,0
DA:82,0
DA:83,0
DA:84,0
DA:86,0
DA:87,0
DA:88,0
DA:89,0
DA:90,0
DA:94,0
DA:96,0
DA:98,0
DA:99,0
DA:101,0
DA:102,0
DA:105,0
DA:107,0
DA:109,0
DA:111,0
DA:112,0
DA:115,0
DA:117,0
DA:119,0
DA:120,0
DA:124,0
DA:126,0
DA:128,0
DA:129,0
DA:131,0
DA:132,0
DA:135,0
DA:136,0
LF:63
LH:7
end_of_record
SF:lib/arns/utils/parse_assigned_names_from_string.dart
DA:3,0
DA:4,0
DA:9,0
DA:10,0
DA:12,0
LF:5
LH:0
end_of_record
SF:lib/core/crypto/crypto.dart
DA:15,0
DA:17,3
DA:19,0
DA:20,0
DA:25,0
DA:31,0
DA:33,0
DA:35,0
DA:36,0
DA:40,0
DA:43,0
DA:49,0
DA:50,0
DA:51,0
DA:52,0
DA:53,0
DA:54,0
DA:58,0
DA:59,0
DA:61,0
DA:64,0
DA:70,0
DA:75,0
DA:76,0
DA:77,0
DA:78,0
DA:85,0
DA:91,0
DA:92,0
DA:95,0
DA:96,0
DA:97,0
DA:101,0
DA:103,0
DA:107,0
DA:108,0
DA:111,0
DA:113,0
DA:116,0
DA:119,0
DA:120,0
DA:125,0
DA:130,0
DA:132,0
DA:133,0
DA:134,0
DA:138,0
DA:139,0
DA:143,0
DA:148,0
DA:149,0
DA:150,0
DA:158,0
DA:163,0
DA:164,0
DA:167,0
DA:168,0
DA:169,0
DA:174,0
DA:180,0
DA:182,0
DA:185,0
DA:187,0
DA:191,0
DA:195,0
DA:197,0
DA:199,0
DA:200,0
DA:201,0
DA:202,0
DA:204,0
DA:209,0
DA:213,0
DA:215,0
DA:217,0
DA:218,0
DA:219,0
DA:220,0
DA:222,0
DA:231,0
LF:80
LH:1
end_of_record
SF:lib/entities/entity.dart
DA:33,10
DA:38,1
DA:42,1
DA:43,0
DA:44,1
DA:46,1
DA:47,1
DA:48,1
DA:49,1
DA:60,0
DA:62,0
DA:63,0
DA:64,0
DA:66,0
DA:67,0
DA:68,0
DA:88,24
DA:102,1
DA:103,1
DA:107,2
DA:110,1
DA:111,1
DA:115,2
DA:118,24
DA:135,8
DA:137,1
DA:141,1
DA:142,1
DA:146,1
DA:147,1
DA:148,2
DA:149,0
DA:154,0
DA:156,0
DA:157,0
DA:161,0
DA:162,0
DA:163,0
DA:164,0
DA:169,1
DA:173,1
DA:174,2
DA:175,2
DA:176,2
DA:182,0
DA:186,0
DA:187,0
DA:188,0
DA:189,0
DA:199,1
DA:206,0
DA:216,3
DA:221,6
DA:222,3
DA:223,3
DA:227,3
DA:228,3
DA:230,9
DA:231,3
DA:235,3
DA:236,3
DA:239,0
DA:240,0
DA:241,0
DA:244,0
DA:245,0
DA:246,0
DA:247,0
DA:248,0
LF:69
LH:39
end_of_record
SF:lib/entities/drive_entity.dart
DA:42,4
DA:48,8
DA:50,0
DA:58,0
DA:61,0
DA:62,0
DA:63,0
DA:65,0
DA:68,0
DA:69,0
DA:70,0
DA:71,0
DA:72,0
DA:73,0
DA:74,0
DA:75,0
DA:77,0
DA:78,0
DA:79,0
DA:81,0
DA:82,0
DA:89,0
DA:93,1
DA:95,3
DA:98,1
DA:99,1
DA:100,2
DA:101,2
DA:103,2
DA:104,0
DA:108,1
DA:109,1
DA:110,2
DA:116,2
DA:117,2
DA:118,2
DA:119,4
LF:37
LH:16
end_of_record
SF:lib/entities/drive_entity.g.dart
DA:9,2
DA:10,1
DA:11,1
DA:14,2
DA:15,2
DA:16,2
DA:17,2
LF:7
LH:7
end_of_record
SF:lib/entities/file_entity.dart
DA:16,1
DA:17,1
DA:18,4
DA:68,6
DA:82,12
DA:84,0
DA:88,0
DA:90,0
DA:100,0
DA:102,0
DA:103,0
DA:105,0
DA:112,0
DA:114,0
DA:115,0
DA:116,0
DA:117,0
DA:118,0
DA:119,0
DA:120,0
DA:121,0
DA:122,0
DA:124,0
DA:125,0
DA:126,0
DA:128,0
DA:129,0
DA:136,0
DA:137,0
DA:141,1
DA:143,1
DA:144,1
DA:145,1
DA:146,1
DA:147,1
DA:150,1
DA:151,1
DA:152,2
DA:153,2
DA:154,2
DA:157,1
DA:158,1
DA:159,2
DA:166,2
DA:167,2
DA:168,4
DA:169,4
DA:171,2
DA:172,4
DA:180,0
DA:182,0
DA:183,0
DA:185,0
DA:187,0
DA:192,0
DA:193,0
DA:194,0
DA:206,0
DA:214,0
DA:215,0
DA:216,0
DA:217,0
DA:218,0
DA:219,0
DA:220,0
DA:224,0
DA:225,0
DA:226,0
DA:227,0
DA:228,0
DA:229,0
DA:230,0
LF:72
LH:25
end_of_record
SF:lib/entities/file_entity.g.dart
DA:9,2
DA:10,1
DA:11,1
DA:12,2
DA:13,1
DA:14,1
DA:15,1
DA:16,1
DA:17,1
DA:18,1
DA:20,0
DA:21,1
DA:22,0
DA:23,0
DA:26,2
DA:27,2
DA:28,2
DA:29,2
DA:30,4
DA:31,2
DA:34,2
DA:36,0
DA:40,4
DA:41,4
DA:42,4
DA:43,4
DA:44,4
DA:45,4
LF:28
LH:24
end_of_record
SF:lib/entities/folder_entity.dart
DA:43,2
DA:49,4
DA:51,0
DA:60,0
DA:62,0
DA:69,0
DA:70,0
DA:71,0
DA:72,0
DA:73,0
DA:74,0
DA:75,0
DA:77,0
DA:78,0
DA:79,0
DA:81,0
DA:82,0
DA:89,0
DA:93,1
DA:95,3
DA:98,1
DA:99,1
DA:100,2
DA:101,2
DA:103,1
DA:104,2
DA:108,1
DA:109,1
DA:110,2
DA:116,2
DA:117,2
DA:118,2
DA:119,4
LF:33
LH:17
end_of_record
SF:lib/entities/folder_entity.g.dart
DA:9,2
DA:10,1
DA:11,1
DA:14,2
DA:15,2
DA:16,2
DA:19,2
DA:21,0
DA:25,4
LF:9
LH:8
end_of_record
SF:lib/utils/logger.dart
DA:5,90
DA:8,30
DA:9,30
DA:12,2
DA:13,1
DA:14,1
DA:15,1
DA:16,1
DA:17,1
DA:18,1
DA:19,1
DA:22,63
DA:23,1
DA:25,1
DA:26,1
DA:27,2
LF:16
LH:16
end_of_record
SF:lib/entities/license_assertion.dart
DA:12,0
DA:28,1
DA:34,0
DA:38,0
DA:40,0
DA:41,0
DA:42,0
DA:43,0
DA:44,0
DA:46,0
DA:49,0
DA:50,0
DA:51,0
DA:52,0
DA:53,0
DA:54,0
DA:58,0
DA:59,0
DA:62,0
DA:63,0
DA:68,1
DA:72,1
DA:73,1
DA:74,1
DA:75,1
DA:77,4
DA:80,2
DA:81,1
DA:83,1
DA:85,1
DA:86,1
DA:89,1
DA:90,1
DA:91,1
DA:92,2
DA:95,2
DA:96,3
LF:37
LH:18
end_of_record
SF:lib/entities/license_composed.dart
DA:11,0
DA:26,0
DA:27,0
DA:36,0
DA:42,0
DA:46,0
DA:47,0
DA:48,0
DA:49,0
DA:51,0
DA:54,0
DA:55,0
DA:56,0
DA:58,0
DA:59,0
DA:60,0
DA:64,0
DA:65,0
DA:70,0
DA:73,0
DA:74,0
DA:76,0
DA:77,0
DA:80,0
DA:81,0
DA:84,0
DA:85,0
LF:27
LH:0
end_of_record
SF:lib/models/daos/drive_dao/drive_dao.dart
DA:39,8
DA:42,8
DA:45,8
DA:47,8
DA:50,16
DA:51,16
DA:54,0
DA:56,0
DA:57,0
DA:58,0
DA:59,0
DA:61,0
DA:62,0
DA:65,0
DA:69,0
DA:71,0
DA:72,0
DA:73,0
DA:74,0
DA:75,0
DA:76,0
DA:77,0
DA:78,0
DA:81,0
DA:85,0
DA:87,0
DA:89,0
DA:93,0
DA:98,0
DA:100,0
DA:104,0
DA:106,0
DA:108,0
DA:112,0
DA:117,0
DA:119,0
DA:123,0
DA:127,0
DA:128,0
DA:131,0
DA:135,0
DA:139,0
DA:140,0
DA:143,0
DA:147,0
DA:151,0
DA:152,0
DA:155,0
DA:159,0
DA:163,0
DA:164,0
DA:167,0
DA:171,0
DA:175,0
DA:176,0
DA:179,0
DA:183,0
DA:187,0
DA:188,0
DA:191,0
DA:195,0
DA:199,0
DA:201,0
DA:205,0
DA:208,0
DA:211,0
DA:212,0
DA:213,0
DA:217,2
DA:226,4
DA:227,4
DA:229,2
DA:240,2
DA:241,0
DA:242,0
DA:245,2
DA:250,4
DA:251,4
DA:253,2
DA:254,2
DA:255,2
DA:266,2
DA:273,0
DA:278,0
DA:282,0
DA:284,0
DA:288,0
DA:290,0
DA:294,0
DA:298,0
DA:299,0
DA:300,0
DA:301,0
DA:303,0
DA:304,0
DA:305,0
DA:306,0
DA:307,0
DA:308,0
DA:309,0
DA:310,0
DA:313,0
DA:314,0
DA:315,0
DA:318,0
DA:319,0
DA:321,0
DA:322,0
DA:328,1
DA:334,1
DA:335,1
DA:337,1
DA:338,1
DA:339,1
DA:340,2
DA:341,2
DA:344,2
DA:346,1
DA:352,0
DA:353,0
DA:359,3
DA:361,3
DA:365,1
DA:370,2
DA:371,1
DA:375,1
DA:376,2
DA:377,2
DA:384,1
DA:385,2
DA:387,1
DA:391,0
DA:392,0
DA:393,0
DA:394,0
DA:399,0
DA:405,0
DA:409,0
DA:412,0
DA:413,0
DA:415,2
DA:422,4
DA:424,0
DA:427,2
DA:428,1
DA:429,2
DA:431,0
DA:433,1
DA:435,1
DA:444,4
DA:446,2
DA:449,2
DA:450,2
DA:458,2
DA:461,2
DA:462,2
DA:470,2
DA:471,8
DA:472,2
DA:473,4
DA:481,2
DA:483,6
DA:484,6
DA:485,2
DA:486,0
DA:487,0
DA:491,2
DA:499,0
DA:503,0
DA:504,0
DA:505,0
DA:506,0
DA:507,0
DA:508,0
DA:510,0
DA:512,0
DA:514,0
DA:515,0
DA:516,0
DA:517,0
DA:518,0
DA:521,0
DA:522,0
DA:523,0
DA:524,0
DA:525,0
DA:528,0
DA:537,0
DA:538,0
DA:539,0
DA:541,0
DA:543,0
DA:544,0
DA:545,0
DA:546,0
DA:547,0
DA:548,0
DA:552,0
DA:561,0
DA:562,0
DA:564,0
DA:568,0
DA:569,0
DA:570,0
DA:577,0
DA:583,0
DA:584,0
DA:587,0
DA:593,0
DA:598,0
DA:600,0
DA:601,0
DA:603,0
DA:604,0
DA:607,1
DA:609,2
DA:611,1
DA:612,1
DA:613,1
DA:614,1
DA:616,1
DA:620,4
DA:621,1
DA:622,2
DA:623,1
DA:624,1
DA:625,1
DA:626,2
DA:627,2
DA:632,1
DA:635,0
DA:637,0
DA:638,0
DA:640,0
DA:641,0
DA:643,0
DA:646,0
DA:647,0
DA:648,0
DA:649,0
DA:650,0
DA:651,0
DA:652,0
DA:653,0
DA:654,0
DA:655,0
DA:656,0
DA:659,0
DA:660,0
DA:662,0
DA:665,0
DA:667,0
DA:671,0
DA:672,0
DA:675,0
DA:676,0
DA:679,0
DA:680,0
DA:681,0
DA:683,0
DA:684,0
DA:685,0
DA:686,0
DA:690,0
DA:691,0
DA:692,0
DA:693,0
DA:698,0
DA:699,0
DA:700,0
DA:701,0
DA:702,0
DA:703,0
DA:707,0
DA:710,0
DA:711,0
DA:712,0
DA:713,0
DA:717,0
DA:718,0
DA:720,0
DA:721,0
DA:722,0
DA:723,0
DA:724,0
DA:725,0
DA:726,0
DA:727,0
DA:728,0
DA:732,0
DA:733,0
DA:736,0
DA:737,0
DA:745,0
DA:747,0
DA:749,0
DA:756,0
DA:758,0
DA:760,0
LF:299
LH:78
end_of_record
SF:lib/models/daos/drive_dao/drive_dao.g.dart
DA:7,18
DA:8,4
DA:9,8
DA:10,0
DA:11,15
DA:12,0
DA:13,12
DA:14,12
DA:15,6
DA:16,0
DA:18,0
DA:19,0
DA:21,0
DA:22,0
DA:23,0
DA:24,0
DA:27,0
DA:28,0
DA:29,0
DA:32,5
DA:33,10
DA:34,5
DA:36,5
DA:37,15
DA:40,0
DA:42,0
DA:44,0
DA:45,0
DA:48,0
DA:49,0
DA:52,0
DA:54,0
DA:56,0
DA:57,0
DA:60,0
DA:61,0
DA:64,0
DA:66,0
DA:68,0
DA:69,0
DA:72,0
DA:73,0
DA:74,0
DA:75,0
DA:76,0
DA:77,0
DA:78,0
DA:79,0
DA:80,0
DA:81,0
DA:82,0
DA:83,0
DA:84,0
DA:85,0
DA:86,0
DA:91,3
DA:93,3
DA:95,3
DA:96,3
DA:97,3
DA:100,3
DA:101,9
DA:104,2
DA:109,2
DA:110,4
DA:112,4
DA:113,2
DA:114,4
DA:115,2
DA:116,2
DA:117,2
DA:118,2
DA:121,2
DA:122,2
DA:123,6
DA:126,0
DA:127,0
DA:128,0
DA:130,0
DA:131,0
DA:134,0
DA:136,0
DA:138,0
DA:139,0
DA:140,0
DA:141,0
DA:144,0
DA:145,0
DA:148,0
DA:150,0
DA:152,0
DA:153,0
DA:154,0
DA:157,0
DA:158,0
DA:161,0
DA:163,0
DA:165,0
DA:166,0
DA:167,0
DA:170,0
DA:171,0
DA:174,0
DA:177,0
DA:179,0
DA:180,0
DA:181,0
DA:184,0
DA:185,0
DA:186,0
DA:187,0
DA:188,0
DA:189,0
DA:190,0
DA:191,0
DA:192,0
DA:193,0
DA:194,0
DA:195,0
DA:196,0
DA:197,0
DA:202,0
DA:204,0
DA:206,0
DA:207,0
DA:208,0
DA:211,0
DA:212,0
DA:215,0
DA:216,0
DA:217,0
DA:218,0
DA:221,0
DA:222,0
DA:225,0
DA:226,0
DA:227,0
DA:228,0
DA:231,0
DA:232,0
DA:235,1
DA:240,1
DA:241,0
DA:243,2
DA:244,1
DA:245,2
DA:246,1
DA:247,1
DA:248,1
DA:249,1
DA:252,1
DA:253,1
DA:254,3
DA:257,1
DA:261,1
DA:263,1
DA:264,1
DA:265,1
DA:266,1
DA:269,1
DA:270,3
DA:273,0
DA:274,0
DA:276,0
DA:277,0
DA:280,0
DA:281,0
DA:284,2
DA:290,2
DA:291,2
DA:292,2
DA:293,4
DA:294,4
DA:295,4
DA:299,4
DA:300,2
DA:301,4
DA:302,2
DA:303,2
DA:304,2
DA:305,2
DA:308,2
DA:309,2
DA:310,2
DA:311,2
DA:312,2
DA:313,3
DA:314,1
DA:315,1
DA:316,1
DA:317,1
DA:318,1
DA:319,1
DA:320,1
DA:321,1
DA:322,1
DA:323,1
DA:324,1
DA:325,1
DA:326,1
DA:328,1
DA:329,1
DA:330,1
DA:331,1
DA:332,1
DA:333,1
DA:334,1
DA:336,2
DA:337,2
DA:339,2
DA:344,1
DA:349,1
DA:350,0
DA:351,0
DA:352,0
DA:353,0
DA:357,2
DA:358,1
DA:359,2
DA:360,1
DA:361,1
DA:362,1
DA:365,1
DA:366,1
DA:367,1
DA:368,1
DA:369,3
DA:370,1
DA:371,1
DA:372,1
DA:373,1
DA:374,1
DA:375,1
DA:376,1
DA:377,1
DA:378,1
DA:379,1
DA:380,1
DA:381,1
DA:383,1
DA:384,1
DA:385,1
DA:386,1
DA:387,1
DA:388,1
DA:389,1
DA:390,2
DA:392,2
DA:397,0
DA:399,0
DA:401,0
DA:402,0
DA:403,0
DA:406,0
DA:407,0
DA:410,0
DA:412,0
DA:414,0
DA:415,0
DA:416,0
DA:419,0
DA:420,0
DA:423,1
DA:425,1
DA:427,1
DA:428,1
DA:429,1
DA:432,1
DA:433,3
DA:436,0
DA:438,0
DA:440,0
DA:441,0
DA:442,0
DA:445,0
DA:446,0
DA:447,0
DA:448,0
DA:449,0
DA:450,0
DA:451,0
DA:452,0
DA:453,0
DA:454,0
DA:455,0
DA:456,0
DA:457,0
DA:458,0
DA:459,0
DA:460,0
DA:461,0
DA:462,0
DA:463,0
DA:465,0
DA:466,0
DA:467,0
DA:469,0
DA:473,0
DA:476,0
DA:478,0
DA:479,0
DA:480,0
DA:483,0
DA:484,0
DA:485,0
DA:486,0
DA:487,0
DA:488,0
DA:489,0
DA:490,0
DA:491,0
DA:492,0
DA:493,0
DA:494,0
DA:495,0
DA:496,0
DA:497,0
DA:498,0
DA:499,0
DA:500,0
DA:501,0
DA:502,0
DA:503,0
DA:505,0
DA:506,0
DA:507,0
DA:509,0
DA:510,0
DA:512,0
DA:514,0
DA:519,0
DA:520,0
DA:522,0
DA:524,0
DA:525,0
DA:526,0
DA:529,0
DA:530,0
DA:532,0
DA:534,0
DA:535,0
DA:538,0
DA:540,0
DA:542,0
DA:543,0
DA:546,0
DA:547,0
DA:548,0
DA:551,0
DA:552,0
DA:554,0
DA:556,0
DA:557,0
DA:560,0
DA:561,0
DA:563,0
DA:564,0
DA:569,0
DA:570,0
DA:572,0
DA:573,0
DA:578,0
DA:579,0
DA:581,0
DA:582,0
DA:587,0
DA:588,0
DA:590,0
DA:591,0
DA:596,0
DA:597,0
DA:599,0
DA:600,0
DA:605,0
DA:606,0
DA:608,0
DA:609,0
DA:614,0
DA:615,0
DA:617,0
DA:618,0
DA:638,0
DA:668,0
DA:708,1
DA:760,1
DA:811,0
DA:859,0
LF:387
LH:138
end_of_record
SF:lib/models/daos/drive_dao/folder_node.dart
DA:10,3
DA:16,0
DA:17,0
DA:19,0
DA:20,0
DA:29,1
DA:30,2
DA:31,2
DA:32,2
DA:37,1
DA:38,2
DA:39,2
DA:40,2
DA:45,0
DA:46,0
DA:47,0
DA:48,0
DA:51,0
DA:52,0
DA:58,0
DA:59,0
DA:60,0
DA:61,0
DA:67,2
DA:72,6
DA:73,4
DA:75,4
DA:81,0
DA:82,0
LF:29
LH:13
end_of_record
SF:lib/models/daos/drive_dao/folder_with_contents.dart
DA:8,2
DA:11,1
DA:12,4
DA:15,0
DA:17,0
DA:18,0
DA:20,0
DA:21,0
LF:8
LH:3
end_of_record
SF:lib/models/daos/drive_dao/create_drive_result.dart
DA:8,2
LF:1
LH:1
end_of_record
SF:lib/models/daos/drive_dao/drive_order.dart
DA:9,2
DA:14,2
DA:15,2
DA:16,0
DA:17,0
DA:21,2
DA:22,8
DA:26,2
DA:29,2
DA:30,0
DA:31,0
DA:32,2
DA:33,0
DA:34,0
DA:37,2
DA:38,8
LF:16
LH:10
end_of_record
SF:lib/models/daos/profile_dao.dart
DA:23,0
DA:28,0
DA:29,0
DA:31,0
DA:33,0
DA:34,0
DA:43,0
DA:44,0
DA:46,0
DA:48,0
DA:49,0
DA:51,0
DA:53,0
DA:56,0
DA:57,0
DA:58,0
DA:60,0
DA:65,0
DA:67,0
DA:68,0
DA:71,0
DA:72,0
DA:74,0
DA:75,0
DA:77,0
DA:78,0
DA:84,0
DA:85,0
DA:89,0
DA:90,0
DA:92,0
DA:97,0
DA:103,0
DA:106,0
DA:108,0
DA:110,0
DA:112,0
DA:113,0
DA:115,0
DA:117,0
DA:122,0
DA:123,0
DA:125,0
DA:127,0
DA:129,0
DA:131,0
DA:133,0
DA:136,0
DA:141,0
DA:142,0
DA:143,0
DA:147,0
DA:149,0
DA:153,0
DA:162,1
DA:170,0
DA:173,0
DA:174,0
DA:176,0
DA:177,0
DA:179,0
DA:180,0
DA:184,0
DA:187,0
DA:188,0
DA:190,0
DA:191,0
DA:193,0
DA:194,0
DA:198,0
DA:201,0
DA:203,0
DA:204,0
DA:205,0
DA:206,0
DA:207,0
DA:209,0
DA:214,0
DA:217,0
DA:219,0
DA:220,0
LF:81
LH:1
end_of_record
SF:lib/models/daos/profile_dao.g.dart
DA:7,0
DA:8,0
DA:9,0
DA:10,0
DA:12,0
DA:13,0
LF:6
LH:0
end_of_record
SF:lib/models/daos/drive_dao/exception.dart
DA:5,0
DA:7,0
DA:9,0
LF:3
LH:0
end_of_record
SF:lib/models/license.dart
DA:11,0
DA:14,0
DA:16,0
DA:17,0
DA:18,0
DA:19,0
DA:22,0
DA:23,0
DA:24,0
DA:27,0
DA:33,0
DA:34,0
DA:39,0
DA:40,0
DA:41,0
DA:47,1
DA:52,1
DA:55,1
DA:56,1
DA:57,1
DA:58,2
DA:59,0
DA:61,2
DA:62,1
DA:63,3
DA:69,0
DA:74,0
DA:77,0
DA:78,0
DA:79,0
DA:80,0
DA:81,0
DA:83,0
DA:84,0
DA:85,0
LF:35
LH:9
end_of_record
SF:lib/search/search_result.dart
DA:8,1
LF:1
LH:1
end_of_record
SF:lib/utils/compare_alphabetically_and_natural.dart
DA:6,2
DA:7,6
LF:2
LH:2
end_of_record
SF:lib/services/arconnect/arconnect.dart
DA:9,0
DA:13,0
DA:16,0
DA:19,0
DA:23,0
DA:26,0
DA:29,0
DA:32,0
DA:33,0
LF:9
LH:0
end_of_record
SF:lib/services/arconnect/arconnect_wallet.dart
DA:7,1
DA:11,0
DA:13,0
DA:16,1
DA:18,2
DA:21,0
DA:23,0
LF:7
LH:3
end_of_record
SF:lib/models/database/ffi.dart
DA:8,0
DA:9,0
DA:10,0
DA:11,0
DA:12,0
LF:5
LH:0
end_of_record
SF:lib/models/drive.dart
DA:8,0
DA:9,3
DA:11,0
DA:12,0
DA:13,0
DA:14,0
DA:15,0
DA:16,0
DA:17,0
DA:22,0
DA:23,0
LF:11
LH:1
end_of_record
SF:lib/utils/custom_metadata.dart
DA:5,1
DA:9,1
DA:12,1
DA:16,1
DA:17,3
DA:18,1
LF:6
LH:6
end_of_record
SF:lib/models/drive_revision.dart
DA:8,0
DA:15,0
DA:16,0
DA:17,0
DA:18,0
DA:19,0
DA:20,0
DA:21,0
DA:22,0
DA:23,0
DA:28,0
DA:29,0
DA:30,0
DA:37,0
DA:39,0
DA:40,0
DA:41,0
DA:42,0
DA:43,0
DA:44,0
DA:45,0
DA:46,0
DA:48,0
DA:49,0
DA:50,0
DA:54,0
DA:58,0
LF:27
LH:0
end_of_record
SF:lib/models/file_entry.dart
DA:9,0
DA:10,0
DA:11,0
DA:12,0
DA:13,0
DA:14,0
DA:15,0
DA:16,0
DA:17,0
DA:18,0
DA:19,0
DA:20,0
DA:21,0
DA:22,0
DA:23,0
DA:25,0
DA:26,0
DA:27,0
DA:28,0
DA:32,0
DA:33,0
LF:21
LH:0
end_of_record
SF:lib/models/file_revision.dart
DA:13,0
DA:14,0
DA:15,0
DA:16,0
DA:17,0
DA:18,0
DA:19,0
DA:20,0
DA:21,0
DA:22,0
DA:23,0
DA:24,0
DA:25,0
DA:26,0
DA:27,0
DA:28,0
DA:31,0
DA:32,0
DA:37,0
DA:38,0
DA:39,0
DA:40,0
DA:41,0
DA:49,1
DA:54,1
DA:55,0
DA:58,1
DA:59,0
DA:60,0
DA:64,1
DA:65,1
DA:66,1
DA:67,1
DA:68,1
DA:69,1
DA:70,1
DA:71,1
DA:72,1
DA:73,2
DA:74,2
DA:75,2
DA:77,2
DA:78,2
DA:79,2
DA:80,2
DA:81,2
DA:82,1
DA:83,1
DA:87,0
DA:92,0
DA:93,0
DA:96,0
DA:97,0
DA:98,0
DA:102,0
DA:103,0
DA:104,0
DA:105,0
DA:106,0
DA:107,0
DA:108,0
DA:109,0
DA:110,0
DA:111,0
DA:112,0
DA:113,0
DA:115,0
DA:116,0
DA:117,0
DA:118,0
DA:119,0
DA:126,0
DA:130,0
DA:132,0
DA:134,0
DA:136,0
DA:138,0
DA:140,0
DA:142,0
DA:143,0
DA:145,0
DA:147,0
DA:151,0
LF:83
LH:22
end_of_record
SF:lib/models/folder_entry.dart
DA:7,0
DA:8,0
DA:9,0
DA:10,0
DA:11,0
DA:12,0
DA:13,0
DA:16,0
DA:17,0
LF:9
LH:0
end_of_record
SF:lib/models/folder_revision.dart
DA:8,0
DA:15,0
DA:16,0
DA:17,0
DA:18,0
DA:19,0
DA:20,0
DA:21,0
DA:22,0
DA:23,0
DA:30,0
DA:31,0
DA:32,0
DA:39,0
DA:41,0
DA:42,0
DA:43,0
DA:44,0
DA:45,0
DA:46,0
DA:47,0
DA:49,0
DA:50,0
DA:51,0
DA:55,0
DA:59,0
DA:61,0
DA:63,0
DA:65,0
LF:29
LH:0
end_of_record
SF:lib/models/selected_item.dart
DA:6,0
DA:12,0
DA:14,0
DA:16,0
DA:17,0
DA:21,0
DA:23,0
DA:25,0
DA:26,0
LF:9
LH:0
end_of_record
SF:lib/services/arconnect/implementations/arconnect_stub.dart
DA:3,0
DA:5,0
DA:6,0
DA:9,0
DA:10,0
DA:13,0
DA:14,0
DA:17,0
DA:18,0
DA:21,0
DA:22,0
DA:25,0
DA:26,0
DA:29,0
DA:30,0
LF:15
LH:0
end_of_record
SF:lib/services/arweave/graphql/graphql.dart
DA:9,1
DA:10,6
DA:12,1
DA:13,2
DA:14,3
DA:15,0
DA:17,1
LF:7
LH:6
end_of_record
SF:lib/services/arweave/arweave_service_exception.dart
DA:4,0
DA:6,0
DA:8,0
LF:3
LH:0
end_of_record
SF:lib/services/arweave/error/gateway_error.dart
DA:11,1
DA:18,1
DA:19,1
DA:20,1
DA:21,1
DA:22,1
DA:23,1
DA:28,1
DA:29,1
DA:31,1
DA:32,1
DA:35,1
DA:43,1
DA:45,1
DA:48,0
DA:49,0
DA:54,1
DA:58,2
DA:59,0
DA:60,0
DA:65,1
DA:66,1
DA:69,0
DA:70,0
DA:74,1
DA:79,0
DA:80,0
LF:27
LH:19
end_of_record
SF:lib/services/arweave/get_segmented_transaction_from_drive_strategy.dart
DA:28,0
DA:31,0
DA:39,0
DA:42,0
DA:48,0
DA:58,0
DA:59,0
DA:60,0
DA:70,0
DA:71,0
DA:75,0
DA:76,0
DA:77,0
DA:78,0
DA:79,0
DA:82,0
DA:84,0
DA:99,2
DA:103,0
DA:111,0
DA:117,0
DA:119,0
DA:125,0
DA:127,0
DA:133,0
DA:137,0
DA:147,0
DA:148,0
DA:149,0
DA:160,0
DA:161,0
DA:165,0
DA:166,0
DA:167,0
DA:168,0
DA:169,0
DA:171,0
DA:175,0
DA:177,0
DA:184,0
DA:186,0
DA:187,0
DA:190,0
DA:193,0
DA:194,0
DA:195,0
LF:46
LH:1
end_of_record
SF:lib/sync/domain/models/drive_entity_history.dart
DA:7,5
LF:1
LH:1
end_of_record
SF:lib/utils/arfs_txs_filter.dart
DA:4,2
DA:5,1
DA:6,1
DA:7,1
DA:8,1
DA:9,1
DA:12,1
DA:13,1
DA:14,1
DA:15,2
DA:16,3
LF:11
LH:11
end_of_record
SF:lib/utils/graphql_retry.dart
DA:13,0
DA:24,0
DA:30,0
DA:31,0
DA:33,0
DA:34,0
DA:35,0
DA:37,0
DA:38,0
DA:39,0
DA:42,0
DA:46,0
DA:47,0
DA:53,0
DA:55,0
DA:56,0
DA:61,0
DA:66,0
LF:18
LH:0
end_of_record
SF:lib/utils/http_retry.dart
DA:9,0
DA:17,1
DA:22,1
DA:24,1
DA:25,1
DA:26,1
DA:29,2
DA:31,1
DA:32,2
DA:33,1
DA:38,2
DA:40,1
DA:41,1
DA:42,2
DA:44,2
LF:15
LH:14
end_of_record
SF:lib/utils/internet_checker.dart
DA:4,1
DA:8,1
DA:9,2
DA:12,2
LF:4
LH:4
end_of_record
SF:lib/utils/metadata_cache.dart
DA:13,2
DA:16,2
DA:20,2
DA:21,2
DA:24,1
DA:25,1
DA:31,2
DA:33,0
DA:37,1
DA:38,2
DA:44,1
DA:46,2
DA:50,0
DA:55,1
DA:56,3
DA:57,2
DA:60,2
DA:61,4
DA:62,4
DA:65,1
DA:66,2
DA:69,1
DA:70,1
DA:71,2
DA:76,1
DA:77,2
DA:80,2
DA:84,2
LF:28
LH:26
end_of_record
SF:lib/utils/snapshots/snapshot_item.dart
DA:27,3
DA:33,3
DA:35,15
DA:37,15
DA:39,15
DA:40,6
DA:41,3
DA:43,3
DA:44,3
DA:45,3
DA:56,1
DA:62,2
DA:63,1
DA:66,2
DA:70,1
DA:78,0
DA:85,3
DA:87,2
DA:88,1
DA:95,1
DA:102,1
DA:104,5
DA:106,5
DA:109,1
DA:110,1
DA:111,1
DA:113,1
DA:116,2
DA:117,1
DA:121,1
DA:130,0
DA:132,0
DA:146,9
DA:147,6
DA:149,3
DA:169,3
DA:170,3
DA:172,3
DA:173,3
DA:174,3
DA:176,0
DA:177,0
DA:178,0
DA:181,3
DA:183,6
DA:184,15
DA:185,2
DA:188,3
DA:191,3
DA:192,12
DA:194,6
DA:196,6
DA:198,6
DA:202,6
DA:204,0
DA:205,0
DA:210,9
DA:212,3
DA:214,3
DA:216,3
DA:217,6
DA:218,6
DA:223,18
DA:225,3
DA:231,3
DA:236,3
DA:238,3
DA:239,6
DA:243,1
DA:247,1
DA:248,1
DA:253,0
DA:254,0
DA:257,3
DA:258,6
DA:259,3
DA:260,3
DA:261,3
DA:265,6
DA:268,6
DA:271,1
DA:272,2
DA:274,1
LF:83
LH:73
end_of_record
SF:lib/services/arweave/error/gateway_response_handler.dart
DA:8,1
DA:10,4
DA:14,1
LF:3
LH:3
end_of_record
SF:lib/services/arweave/graphql/graphql_api.graphql.dart
DA:20,0
DA:22,0
DA:24,0
DA:29,0
DA:30,0
DA:32,0
DA:34,0
DA:41,0
DA:43,0
DA:45,0
DA:50,0
DA:51,0
DA:53,0
DA:55,0
DA:62,0
DA:64,0
DA:66,0
DA:75,0
DA:76,0
DA:78,0
DA:80,0
DA:87,0
DA:89,0
DA:91,0
DA:96,0
DA:97,0
DA:99,0
DA:101,0
DA:107,0
DA:109,0
DA:111,0
DA:115,0
DA:116,0
DA:118,0
DA:120,0
DA:125,0
DA:127,0
DA:128,0
DA:132,0
DA:133,0
DA:135,0
DA:136,0
DA:142,0
DA:144,0
DA:146,0
DA:151,0
DA:152,0
DA:154,0
DA:156,0
DA:162,0
DA:164,0
DA:166,0
DA:169,0
DA:170,0
DA:172,0
DA:174,0
DA:181,0
DA:183,0
DA:185,0
DA:193,0
DA:194,0
DA:196,0
DA:198,0
DA:205,0
DA:207,0
DA:209,0
DA:216,0
DA:217,0
DA:219,0
DA:221,0
DA:226,0
DA:228,0
DA:229,0
DA:233,0
DA:234,0
DA:236,0
DA:237,0
DA:243,7
DA:245,7
DA:246,7
DA:250,0
DA:251,0
DA:253,5
DA:254,5
DA:260,6
DA:262,6
DA:263,6
DA:267,0
DA:268,0
DA:270,5
DA:271,5
DA:277,5
DA:279,5
DA:280,5
DA:286,0
DA:287,0
DA:289,4
DA:290,4
DA:295,5
DA:297,5
DA:298,5
DA:304,0
DA:305,0
DA:307,1
DA:308,1
DA:314,0
DA:316,0
DA:318,0
DA:323,0
DA:324,0
DA:326,0
DA:328,0
DA:335,0
DA:337,0
DA:339,0
DA:346,0
DA:347,0
DA:349,0
DA:351,0
DA:358,0
DA:360,0
DA:362,0
DA:372,0
DA:373,0
DA:375,0
DA:377,0
DA:384,0
DA:386,0
DA:388,0
DA:396,0
DA:397,0
DA:399,0
DA:401,0
DA:408,0
DA:410,0
DA:412,0
DA:417,0
DA:418,0
DA:420,0
DA:422,0
DA:429,0
DA:431,0
DA:433,0
DA:442,0
DA:443,0
DA:445,0
DA:447,0
DA:453,0
DA:455,0
DA:457,0
DA:461,0
DA:462,0
DA:464,0
DA:466,0
DA:472,0
DA:474,0
DA:476,0
DA:479,0
DA:480,0
DA:482,0
DA:484,0
DA:491,0
DA:493,0
DA:495,0
DA:503,0
DA:504,0
DA:506,0
DA:508,0
DA:515,0
DA:517,0
DA:519,0
DA:524,0
DA:525,0
DA:527,0
DA:529,0
DA:535,0
DA:537,0
DA:539,0
DA:546,0
DA:547,0
DA:549,0
DA:551,0
DA:557,0
DA:559,0
DA:560,0
DA:564,0
DA:565,0
DA:567,0
DA:568,0
DA:574,0
DA:576,0
DA:578,0
DA:583,0
DA:584,0
DA:586,0
DA:588,0
DA:595,0
DA:597,0
DA:599,0
DA:606,0
DA:607,0
DA:609,0
DA:611,0
DA:618,0
DA:620,0
DA:622,0
DA:632,0
DA:633,0
DA:635,0
DA:637,0
DA:644,0
DA:646,0
DA:648,0
DA:656,0
DA:657,0
DA:659,0
DA:661,0
DA:668,0
DA:670,0
DA:672,0
DA:677,0
DA:678,0
DA:680,0
DA:682,0
DA:689,0
DA:691,0
DA:693,0
DA:701,0
DA:702,0
DA:704,0
DA:706,0
DA:712,0
DA:714,0
DA:716,0
DA:720,0
DA:721,0
DA:723,0
DA:725,0
DA:731,0
DA:733,0
DA:735,0
DA:738,0
DA:739,0
DA:741,0
DA:743,0
DA:750,0
DA:752,0
DA:754,0
DA:760,0
DA:761,0
DA:763,0
DA:765,0
DA:771,0
DA:773,0
DA:775,0
DA:779,0
DA:780,0
DA:782,0
DA:784,0
DA:789,0
DA:791,0
DA:792,0
DA:796,0
DA:797,0
DA:799,0
DA:800,0
DA:806,0
DA:808,0
DA:810,0
DA:812,0
DA:813,0
DA:815,0
DA:817,0
DA:822,0
DA:824,0
DA:825,0
DA:829,0
DA:830,0
DA:832,0
DA:833,0
DA:839,0
DA:841,0
DA:843,0
DA:846,0
DA:847,0
DA:849,0
DA:851,0
DA:858,0
DA:860,0
DA:862,0
DA:870,0
DA:871,0
DA:873,0
DA:875,0
DA:882,0
DA:884,0
DA:886,0
DA:891,0
DA:892,0
DA:894,0
DA:896,0
DA:903,0
DA:905,0
DA:907,0
DA:914,0
DA:915,0
DA:917,0
DA:919,0
DA:925,0
DA:927,0
DA:928,0
DA:932,0
DA:933,0
DA:935,0
DA:936,0
DA:942,0
DA:944,0
DA:946,0
DA:949,0
DA:950,0
DA:952,0
DA:954,0
DA:961,0
DA:963,0
DA:965,0
DA:973,0
DA:974,0
DA:976,0
DA:978,0
DA:985,0
DA:987,0
DA:989,0
DA:993,0
DA:994,0
DA:996,0
DA:998,0
DA:1004,0
DA:1006,0
DA:1008,0
DA:1015,0
DA:1016,0
DA:1018,0
DA:1020,0
DA:1025,0
DA:1027,0
DA:1028,0
DA:1032,0
DA:1033,0
DA:1035,0
DA:1036,0
DA:1042,0
DA:1044,0
DA:1046,0
DA:1051,0
DA:1052,0
DA:1054,0
DA:1056,0
DA:1063,0
DA:1065,0
DA:1067,0
DA:1070,0
DA:1071,0
DA:1073,0
DA:1075,0
DA:1082,0
DA:1084,0
DA:1086,0
DA:1094,0
DA:1095,0
DA:1097,0
DA:1099,0
DA:1106,0
DA:1108,0
DA:1110,0
DA:1120,0
DA:1121,0
DA:1123,0
DA:1125,0
DA:1132,0
DA:1134,0
DA:1136,0
DA:1141,0
DA:1142,0
DA:1144,0
DA:1146,0
DA:1152,0
DA:1154,0
DA:1156,0
DA:1160,0
DA:1161,0
DA:1163,0
DA:1165,0
DA:1171,0
DA:1173,0
DA:1175,0
DA:1181,0
DA:1182,0
DA:1184,0
DA:1186,0
DA:1192,0
DA:1194,0
DA:1196,0
DA:1202,0
DA:1203,0
DA:1205,0
DA:1207,0
DA:1213,0
DA:1215,0
DA:1217,0
DA:1225,0
DA:1226,0
DA:1228,0
DA:1230,0
DA:1236,0
DA:1238,0
DA:1240,0
DA:1244,0
DA:1245,0
DA:1247,0
DA:1249,0
DA:1255,0
DA:1257,0
DA:1259,0
DA:1263,0
DA:1264,0
DA:1266,0
DA:1268,0
DA:1274,7
DA:1276,7
DA:1278,7
DA:1281,0
DA:1282,0
DA:1284,5
DA:1286,5
DA:1293,0
DA:1295,0
DA:1297,0
DA:1305,0
DA:1306,0
DA:1308,0
DA:1310,0
DA:1317,0
DA:1319,0
DA:1321,0
DA:1328,0
DA:1329,0
DA:1331,0
DA:1333,0
DA:1338,0
DA:1340,0
DA:1341,0
DA:1345,0
DA:1346,0
DA:1348,0
DA:1349,0
DA:1355,0
DA:1357,0
DA:1359,0
DA:1362,0
DA:1363,0
DA:1365,0
DA:1367,0
DA:1374,0
DA:1376,0
DA:1378,0
DA:1384,0
DA:1385,0
DA:1387,0
DA:1389,0
DA:1396,0
DA:1398,0
DA:1400,0
DA:1405,0
DA:1406,0
DA:1408,0
DA:1410,0
DA:1415,0
DA:1417,0
DA:1418,0
DA:1422,0
DA:1423,0
DA:1425,0
DA:1426,0
DA:1432,0
DA:1434,0
DA:1436,0
DA:1441,0
DA:1442,0
DA:1444,0
DA:1446,0
DA:1453,0
DA:1455,0
DA:1457,0
DA:1463,0
DA:1464,0
DA:1466,0
DA:1468,0
DA:1475,0
DA:1477,0
DA:1479,0
DA:1483,0
DA:1484,0
DA:1486,0
DA:1488,0
DA:1493,0
DA:1495,0
DA:1496,0
DA:1500,0
DA:1501,0
DA:1503,0
DA:1504,0
DA:1510,0
DA:1512,0
DA:1514,0
DA:1519,0
DA:1520,0
DA:1522,0
DA:1524,0
DA:1531,0
DA:1533,0
DA:1535,0
DA:1543,0
DA:1544,0
DA:1546,0
DA:1548,0
DA:1555,0
DA:1557,0
DA:1559,0
DA:1565,0
DA:1566,0
DA:1568,0
DA:1570,0
DA:1577,0
DA:1579,0
DA:1581,0
DA:1586,0
DA:1587,0
DA:1589,0
DA:1591,0
DA:1597,0
DA:1599,0
DA:1601,0
DA:1607,0
DA:1608,0
DA:1610,0
DA:1612,0
DA:1618,0
DA:1620,0
DA:1622,0
DA:1626,0
DA:1627,0
DA:1629,0
DA:1631,0
DA:1637,0
DA:1639,0
DA:1641,0
DA:1645,0
DA:1646,0
DA:1648,0
DA:1650,0
DA:1655,0
DA:1657,0
DA:1658,0
DA:1664,0
DA:1665,0
DA:1667,0
DA:1668,0
DA:1674,0
DA:1676,0
DA:1678,0
DA:1683,0
DA:1684,0
DA:1686,0
DA:1688,0
DA:1694,3
DA:1696,3
DA:1698,3
DA:1701,0
DA:1702,0
DA:1704,0
DA:1706,0
DA:1713,0
DA:1715,0
DA:1717,0
DA:1725,0
DA:1726,0
DA:1728,0
DA:1730,0
DA:1737,0
DA:1739,0
DA:1741,0
DA:1748,0
DA:1749,0
DA:1751,0
DA:1753,0
DA:1758,0
DA:1760,0
DA:1761,0
DA:1765,0
DA:1766,0
DA:1768,0
DA:1769,0
DA:1774,0
DA:1777,0
DA:1778,0
DA:1782,0
DA:1783,0
DA:1785,0
DA:1786,0
DA:1790,0
DA:1791,0
DA:1793,0
DA:1794,0
DA:1795,0
DA:1796,0
DA:1797,0
DA:1798,0
DA:1801,0
DA:1802,0
DA:1805,0
DA:1806,0
DA:1807,0
DA:1808,0
DA:1810,0
DA:1811,0
DA:1812,0
DA:1813,0
DA:1814,0
DA:1816,0
DA:1817,0
DA:1818,0
DA:1820,0
DA:1821,0
DA:1822,0
DA:1825,0
DA:1826,0
DA:1827,0
DA:1828,0
DA:1830,0
DA:1831,0
DA:1832,0
DA:1833,0
DA:1834,0
DA:1836,0
DA:1837,0
DA:1838,0
DA:1839,0
DA:1840,0
DA:1842,0
DA:1843,0
DA:1844,0
DA:1845,0
DA:1846,0
DA:1848,0
DA:1849,0
DA:1854,0
DA:1855,0
DA:1857,0
DA:1858,0
DA:1859,0
DA:1860,0
DA:1861,0
DA:1863,0
DA:1864,0
DA:1881,0
DA:1892,0
DA:1893,0
DA:1895,0
DA:1897,0
DA:1903,0
DA:1911,0
DA:1912,0
DA:1922,0
DA:1923,0
DA:1925,0
DA:1926,0
DA:1931,0
DA:1932,0
DA:1934,0
DA:1935,0
DA:1936,0
DA:1937,0
DA:1938,0
DA:1939,0
DA:1942,0
DA:1943,0
DA:1945,0
DA:1946,0
DA:1947,0
DA:1948,0
DA:1951,0
DA:1952,0
DA:1954,0
DA:1955,0
DA:1956,0
DA:1957,0
DA:1960,0
DA:1961,0
DA:1963,0
DA:1964,0
DA:1965,0
DA:1966,0
DA:1969,0
DA:1970,0
DA:1973,0
DA:1974,0
DA:1975,0
DA:1976,0
DA:1978,0
DA:1979,0
DA:1980,0
DA:1981,0
DA:1983,0
DA:1984,0
DA:1985,0
DA:1987,0
DA:1988,0
DA:1989,0
DA:1990,0
DA:1992,0
DA:1993,0
DA:1994,0
DA:1995,0
DA:1996,0
DA:1997,0
DA:1998,0
DA:2003,0
DA:2004,0
DA:2005,0
DA:2006,0
DA:2011,0
DA:2012,0
DA:2013,0
DA:2015,0
DA:2016,0
DA:2017,0
DA:2018,0
DA:2019,0
DA:2020,0
DA:2025,0
DA:2026,0
DA:2027,0
DA:2028,0
DA:2030,0
DA:2031,0
DA:2032,0
DA:2033,0
DA:2034,0
DA:2036,0
DA:2037,0
DA:2042,0
DA:2043,0
DA:2045,0
DA:2046,0
DA:2047,0
DA:2048,0
DA:2049,0
DA:2051,0
DA:2052,0
DA:2053,0
DA:2054,0
DA:2055,0
DA:2056,0
DA:2060,0
DA:2061,0
DA:2063,0
DA:2064,0
DA:2073,0
DA:2074,0
DA:2075,0
DA:2076,0
DA:2077,0
DA:2080,0
DA:2081,0
DA:2082,0
DA:2083,0
DA:2085,0
DA:2086,0
DA:2089,0
DA:2090,0
DA:2092,0
DA:2093,0
DA:2094,0
DA:2095,0
DA:2096,0
DA:2098,0
DA:2099,0
DA:2104,0
DA:2105,0
DA:2107,0
DA:2108,0
DA:2109,0
DA:2110,0
DA:2111,0
DA:2113,0
DA:2114,0
DA:2119,0
DA:2120,0
DA:2122,0
DA:2123,0
DA:2124,0
DA:2125,0
DA:2126,0
DA:2128,0
DA:2129,0
DA:2132,0
DA:2133,0
DA:2135,0
DA:2136,0
DA:2141,0
DA:2142,0
DA:2144,0
DA:2145,0
DA:2146,0
DA:2147,0
DA:2148,0
DA:2150,0
DA:2151,0
DA:2154,0
DA:2155,0
DA:2157,0
DA:2158,0
DA:2169,0
DA:2181,0
DA:2182,0
DA:2184,0
DA:2186,0
DA:2192,0
DA:2198,0
DA:2200,0
DA:2206,0
DA:2207,0
DA:2209,0
DA:2211,0
DA:2216,0
DA:2217,0
DA:2218,0
DA:2220,0
DA:2221,0
DA:2222,0
DA:2223,0
DA:2224,0
DA:2225,0
DA:2228,0
DA:2229,0
DA:2231,0
DA:2232,0
DA:2233,0
DA:2234,0
DA:2237,0
DA:2238,0
DA:2241,0
DA:2242,0
DA:2243,0
DA:2244,0
DA:2246,0
DA:2247,0
DA:2248,0
DA:2249,0
DA:2251,0
DA:2252,0
DA:2253,0
DA:2255,0
DA:2256,0
DA:2257,0
DA:2259,0
DA:2260,0
DA:2261,0
DA:2262,0
DA:2263,0
DA:2264,0
DA:2265,0
DA:2270,0
DA:2271,0
DA:2272,0
DA:2273,0
DA:2276,0
DA:2277,0
DA:2278,0
DA:2279,0
DA:2284,0
DA:2285,0
DA:2286,0
DA:2287,0
DA:2297,0
DA:2298,0
DA:2299,0
DA:2300,0
DA:2302,0
DA:2303,0
DA:2304,0
DA:2305,0
DA:2306,0
DA:2308,0
DA:2309,0
DA:2310,0
DA:2311,0
DA:2312,0
DA:2314,0
DA:2315,0
DA:2316,0
DA:2317,0
DA:2318,0
DA:2320,0
DA:2321,0
DA:2326,0
DA:2327,0
DA:2329,0
DA:2330,0
DA:2331,0
DA:2332,0
DA:2333,0
DA:2335,0
DA:2336,0
DA:2339,0
DA:2340,0
DA:2342,0
DA:2343,0
DA:2350,0
DA:2351,0
DA:2353,0
DA:2354,0
DA:2359,0
DA:2360,0
DA:2362,0
DA:2363,0
DA:2364,0
DA:2365,0
DA:2366,0
DA:2368,0
DA:2369,0
DA:2382,0
DA:2394,0
DA:2395,0
DA:2397,0
DA:2399,0
DA:2405,0
DA:2412,0
DA:2413,0
DA:2421,0
DA:2422,0
DA:2424,0
DA:2426,0
DA:2431,0
DA:2432,0
DA:2434,0
DA:2435,0
DA:2436,0
DA:2437,0
DA:2438,0
DA:2439,0
DA:2442,0
DA:2443,0
DA:2445,0
DA:2446,0
DA:2447,0
DA:2448,0
DA:2451,0
DA:2452,0
DA:2454,0
DA:2455,0
DA:2456,0
DA:2457,0
DA:2460,0
DA:2461,0
DA:2464,0
DA:2465,0
DA:2466,0
DA:2467,0
DA:2469,0
DA:2470,0
DA:2471,0
DA:2472,0
DA:2474,0
DA:2475,0
DA:2476,0
DA:2478,0
DA:2479,0
DA:2480,0
DA:2482,0
DA:2483,0
DA:2484,0
DA:2485,0
DA:2487,0
DA:2488,0
DA:2489,0
DA:2490,0
DA:2491,0
DA:2492,0
DA:2493,0
DA:2498,0
DA:2499,0
DA:2500,0
DA:2501,0
DA:2507,0
DA:2508,0
DA:2509,0
DA:2510,0
DA:2512,0
DA:2513,0
DA:2514,0
DA:2515,0
DA:2516,0
DA:2518,0
DA:2519,0
DA:2520,0
DA:2521,0
DA:2522,0
DA:2523,0
DA:2527,0
DA:2528,0
DA:2530,0
DA:2531,0
DA:2536,0
DA:2537,0
DA:2539,0
DA:2540,0
DA:2541,0
DA:2542,0
DA:2543,0
DA:2545,0
DA:2546,0
DA:2555,0
DA:2556,0
DA:2557,0
DA:2558,0
DA:2559,0
DA:2562,0
DA:2563,0
DA:2564,0
DA:2565,0
DA:2567,0
DA:2568,0
DA:2571,0
DA:2572,0
DA:2574,0
DA:2575,0
DA:2576,0
DA:2577,0
DA:2578,0
DA:2580,0
DA:2581,0
DA:2586,0
DA:2587,0
DA:2589,0
DA:2590,0
DA:2591,0
DA:2592,0
DA:2593,0
DA:2595,0
DA:2596,0
DA:2601,0
DA:2602,0
DA:2604,0
DA:2605,0
DA:2606,0
DA:2607,0
DA:2608,0
DA:2610,0
DA:2611,0
DA:2614,0
DA:2615,0
DA:2617,0
DA:2618,0
DA:2623,0
DA:2624,0
DA:2626,0
DA:2627,0
DA:2628,0
DA:2629,0
DA:2630,0
DA:2632,0
DA:2633,0
DA:2636,0
DA:2637,0
DA:2639,0
DA:2640,0
DA:2651,0
DA:2663,0
DA:2664,0
DA:2666,0
DA:2668,0
DA:2674,0
DA:2680,0
DA:2682,0
DA:2688,0
DA:2689,0
DA:2691,0
DA:2693,0
DA:2698,0
DA:2699,0
DA:2700,0
DA:2702,0
DA:2703,0
DA:2704,0
DA:2705,0
DA:2706,0
DA:2707,0
DA:2710,0
DA:2711,0
DA:2713,0
DA:2714,0
DA:2715,0
DA:2716,0
DA:2719,0
DA:2720,0
DA:2723,0
DA:2724,0
DA:2725,0
DA:2726,0
DA:2728,0
DA:2729,0
DA:2730,0
DA:2731,0
DA:2733,0
DA:2734,0
DA:2735,0
DA:2737,0
DA:2738,0
DA:2739,0
DA:2741,0
DA:2742,0
DA:2743,0
DA:2744,0
DA:2745,0
DA:2746,0
DA:2747,0
DA:2752,0
DA:2753,0
DA:2754,0
DA:2755,0
DA:2761,0
DA:2762,0
DA:2763,0
DA:2764,0
DA:2766,0
DA:2767,0
DA:2768,0
DA:2769,0
DA:2770,0
DA:2772,0
DA:2773,0
DA:2774,0
DA:2775,0
DA:2776,0
DA:2778,0
DA:2779,0
DA:2780,0
DA:2781,0
DA:2782,0
DA:2784,0
DA:2785,0
DA:2790,0
DA:2791,0
DA:2793,0
DA:2794,0
DA:2795,0
DA:2796,0
DA:2797,0
DA:2799,0
DA:2800,0
DA:2803,0
DA:2804,0
DA:2806,0
DA:2807,0
DA:2814,0
DA:2815,0
DA:2817,0
DA:2818,0
DA:2823,0
DA:2824,0
DA:2826,0
DA:2827,0
DA:2828,0
DA:2829,0
DA:2830,0
DA:2832,0
DA:2833,0
DA:2846,0
DA:2858,0
DA:2859,0
DA:2861,0
DA:2863,0
DA:2868,0
DA:2871,0
DA:2872,0
DA:2876,0
DA:2877,0
DA:2879,0
DA:2880,0
DA:2884,0
DA:2885,0
DA:2887,0
DA:2888,0
DA:2889,0
DA:2890,0
DA:2891,0
DA:2892,0
DA:2893,0
DA:2898,0
DA:2899,0
DA:2902,0
DA:2903,0
DA:2904,0
DA:2905,0
DA:2907,0
DA:2908,0
DA:2909,0
DA:2910,0
DA:2912,0
DA:2913,0
DA:2914,0
DA:2915,0
DA:2916,0
DA:2917,0
DA:2918,0
DA:2923,0
DA:2924,0
DA:2925,0
DA:2926,0
DA:2932,0
DA:2933,0
DA:2934,0
DA:2940,0
DA:2941,0
DA:2942,0
DA:2943,0
DA:2945,0
DA:2946,0
DA:2947,0
DA:2948,0
DA:2949,0
DA:2951,0
DA:2952,0
DA:2953,0
DA:2954,0
DA:2955,0
DA:2956,0
DA:2966,0
DA:2967,0
DA:2968,0
DA:2969,0
DA:2970,0
DA:2973,0
DA:2974,0
DA:2975,0
DA:2976,0
DA:2978,0
DA:2979,0
DA:2982,0
DA:2983,0
DA:2985,0
DA:2986,0
DA:2987,0
DA:2988,0
DA:2989,0
DA:2991,0
DA:2992,0
DA:2997,0
DA:2998,0
DA:3000,0
DA:3001,0
DA:3002,0
DA:3003,0
DA:3004,0
DA:3006,0
DA:3007,0
DA:3012,0
DA:3013,0
DA:3015,0
DA:3016,0
DA:3017,0
DA:3018,0
DA:3019,0
DA:3021,0
DA:3022,0
DA:3025,0
DA:3026,0
DA:3028,0
DA:3029,0
DA:3034,0
DA:3035,0
DA:3037,0
DA:3038,0
DA:3039,0
DA:3040,0
DA:3041,0
DA:3043,0
DA:3044,0
DA:3047,0
DA:3048,0
DA:3050,0
DA:3051,0
DA:3062,0
DA:3073,0
DA:3074,0
DA:3076,0
DA:3078,0
DA:3083,0
DA:3086,0
DA:3087,0
DA:3091,0
DA:3092,0
DA:3094,0
DA:3095,0
DA:3099,0
DA:3100,0
DA:3102,0
DA:3103,0
DA:3104,0
DA:3105,0
DA:3106,0
DA:3107,0
DA:3110,0
DA:3111,0
DA:3114,0
DA:3115,0
DA:3116,0
DA:3117,0
DA:3119,0
DA:3120,0
DA:3121,0
DA:3122,0
DA:3125,0
DA:3126,0
DA:3127,0
DA:3128,0
DA:3129,0
DA:3135,0
DA:3136,0
DA:3137,0
DA:3138,0
DA:3139,0
DA:3142,0
DA:3143,0
DA:3144,0
DA:3145,0
DA:3147,0
DA:3148,0
DA:3151,0
DA:3152,0
DA:3154,0
DA:3155,0
DA:3156,0
DA:3157,0
DA:3158,0
DA:3160,0
DA:3161,0
DA:3166,0
DA:3167,0
DA:3169,0
DA:3170,0
DA:3171,0
DA:3172,0
DA:3173,0
DA:3175,0
DA:3176,0
DA:3181,0
DA:3182,0
DA:3184,0
DA:3185,0
DA:3186,0
DA:3187,0
DA:3188,0
DA:3190,0
DA:3191,0
DA:3194,0
DA:3195,0
DA:3197,0
DA:3198,0
DA:3203,0
DA:3204,0
DA:3206,0
DA:3207,0
DA:3208,0
DA:3209,0
DA:3210,0
DA:3212,0
DA:3213,0
DA:3216,0
DA:3217,0
DA:3219,0
DA:3220,0
DA:3231,0
DA:3243,0
DA:3244,0
DA:3246,0
DA:3248,0
DA:3254,0
DA:3261,0
DA:3263,0
DA:3271,0
DA:3272,0
DA:3274,0
DA:3276,0
DA:3281,0
DA:3282,0
DA:3284,0
DA:3285,0
DA:3286,0
DA:3287,0
DA:3288,0
DA:3289,0
DA:3292,0
DA:3293,0
DA:3295,0
DA:3296,0
DA:3297,0
DA:3298,0
DA:3301,0
DA:3302,0
DA:3304,0
DA:3305,0
DA:3306,0
DA:3307,0
DA:3310,0
DA:3311,0
DA:3314,0
DA:3315,0
DA:3316,0
DA:3317,0
DA:3319,0
DA:3320,0
DA:3321,0
DA:3322,0
DA:3324,0
DA:3325,0
DA:3326,0
DA:3328,0
DA:3329,0
DA:3330,0
DA:3332,0
DA:3333,0
DA:3334,0
DA:3335,0
DA:3337,0
DA:3338,0
DA:3339,0
DA:3340,0
DA:3341,0
DA:3342,0
DA:3343,0
DA:3348,0
DA:3349,0
DA:3350,0
DA:3351,0
DA:3354,0
DA:3355,0
DA:3356,0
DA:3357,0
DA:3362,0
DA:3363,0
DA:3364,0
DA:3365,0
DA:3375,0
DA:3376,0
DA:3377,0
DA:3378,0
DA:3380,0
DA:3381,0
DA:3382,0
DA:3383,0
DA:3384,0
DA:3386,0
DA:3387,0
DA:3388,0
DA:3389,0
DA:3390,0
DA:3391,0
DA:3395,0
DA:3396,0
DA:3398,0
DA:3399,0
DA:3404,0
DA:3405,0
DA:3407,0
DA:3408,0
DA:3409,0
DA:3410,0
DA:3411,0
DA:3413,0
DA:3414,0
DA:3423,0
DA:3424,0
DA:3425,0
DA:3426,0
DA:3427,0
DA:3430,0
DA:3431,0
DA:3432,0
DA:3433,0
DA:3435,0
DA:3436,0
DA:3439,0
DA:3440,0
DA:3442,0
DA:3443,0
DA:3444,0
DA:3445,0
DA:3446,0
DA:3448,0
DA:3449,0
DA:3454,0
DA:3455,0
DA:3457,0
DA:3458,0
DA:3459,0
DA:3460,0
DA:3461,0
DA:3463,0
DA:3464,0
DA:3469,0
DA:3470,0
DA:3472,0
DA:3473,0
DA:3474,0
DA:3475,0
DA:3476,0
DA:3478,0
DA:3479,0
DA:3482,0
DA:3483,0
DA:3485,0
DA:3486,0
DA:3491,0
DA:3492,0
DA:3494,0
DA:3495,0
DA:3496,0
DA:3497,0
DA:3498,0
DA:3500,0
DA:3501,0
DA:3504,0
DA:3505,0
DA:3507,0
DA:3508,0
DA:3519,0
DA:3531,0
DA:3532,0
DA:3534,0
DA:3536,0
DA:3541,0
DA:3547,0
DA:3548,0
DA:3554,0
DA:3555,0
DA:3557,0
DA:3558,0
DA:3562,0
DA:3563,0
DA:3565,0
DA:3566,0
DA:3567,0
DA:3568,0
DA:3569,0
DA:3570,0
DA:3573,0
DA:3574,0
DA:3576,0
DA:3577,0
DA:3578,0
DA:3579,0
DA:3582,0
DA:3583,0
DA:3586,0
DA:3587,0
DA:3588,0
DA:3589,0
DA:3591,0
DA:3592,0
DA:3593,0
DA:3594,0
DA:3596,0
DA:3597,0
DA:3598,0
DA:3600,0
DA:3601,0
DA:3602,0
DA:3604,0
DA:3605,0
DA:3606,0
DA:3607,0
DA:3608,0
DA:3609,0
DA:3610,0
DA:3615,0
DA:3616,0
DA:3617,0
DA:3618,0
DA:3627,0
DA:3628,0
DA:3629,0
DA:3630,0
DA:3633,0
DA:3634,0
DA:3635,0
DA:3636,0
DA:3638,0
DA:3639,0
DA:3640,0
DA:3641,0
DA:3642,0
DA:3644,0
DA:3645,0
DA:3646,0
DA:3647,0
DA:3648,0
DA:3649,0
DA:3653,0
DA:3654,0
DA:3656,0
DA:3657,0
DA:3662,0
DA:3663,0
DA:3665,0
DA:3666,0
DA:3667,0
DA:3668,0
DA:3669,0
DA:3671,0
DA:3672,0
DA:3681,0
DA:3682,0
DA:3683,0
DA:3684,0
DA:3685,0
DA:3688,0
DA:3689,0
DA:3690,0
DA:3691,0
DA:3693,0
DA:3694,0
DA:3697,0
DA:3698,0
DA:3700,0
DA:3701,0
DA:3702,0
DA:3703,0
DA:3704,0
DA:3706,0
DA:3707,0
DA:3712,0
DA:3713,0
DA:3715,0
DA:3716,0
DA:3717,0
DA:3718,0
DA:3719,0
DA:3721,0
DA:3722,0
DA:3727,0
DA:3728,0
DA:3730,0
DA:3731,0
DA:3732,0
DA:3733,0
DA:3734,0
DA:3736,0
DA:3737,0
DA:3740,0
DA:3741,0
DA:3743,0
DA:3744,0
DA:3749,0
DA:3750,0
DA:3752,0
DA:3753,0
DA:3754,0
DA:3755,0
DA:3756,0
DA:3758,0
DA:3759,0
DA:3762,0
DA:3763,0
DA:3765,0
DA:3766,0
DA:3777,0
DA:3789,0
DA:3790,0
DA:3792,0
DA:3794,0
DA:3800,0
DA:3809,0
DA:3811,0
DA:3823,0
DA:3825,0
DA:3827,0
DA:3829,0
DA:3834,0
DA:3835,0
DA:3836,0
DA:3838,0
DA:3839,0
DA:3840,0
DA:3841,0
DA:3842,0
DA:3843,0
DA:3846,0
DA:3847,0
DA:3849,0
DA:3850,0
DA:3851,0
DA:3852,0
DA:3855,0
DA:3856,0
DA:3858,0
DA:3859,0
DA:3860,0
DA:3861,0
DA:3864,0
DA:3865,0
DA:3867,0
DA:3868,0
DA:3869,0
DA:3870,0
DA:3873,0
DA:3874,0
DA:3876,0
DA:3877,0
DA:3878,0
DA:3879,0
DA:3882,0
DA:3883,0
DA:3886,0
DA:3887,0
DA:3888,0
DA:3889,0
DA:3891,0
DA:3892,0
DA:3893,0
DA:3894,0
DA:3895,0
DA:3897,0
DA:3898,0
DA:3899,0
DA:3901,0
DA:3902,0
DA:3903,0
DA:3905,0
DA:3906,0
DA:3907,0
DA:3908,0
DA:3909,0
DA:3910,0
DA:3911,0
DA:3916,0
DA:3917,0
DA:3918,0
DA:3919,0
DA:3924,0
DA:3925,0
DA:3926,0
DA:3928,0
DA:3929,0
DA:3930,0
DA:3931,0
DA:3932,0
DA:3933,0
DA:3935,0
DA:3936,0
DA:3937,0
DA:3942,0
DA:3943,0
DA:3944,0
DA:3945,0
DA:3947,0
DA:3948,0
DA:3949,0
DA:3950,0
DA:3951,0
DA:3953,0
DA:3954,0
DA:3959,0
DA:3960,0
DA:3962,0
DA:3963,0
DA:3964,0
DA:3965,0
DA:3966,0
DA:3968,0
DA:3969,0
DA:3970,0
DA:3971,0
DA:3972,0
DA:3973,0
DA:3977,0
DA:3978,0
DA:3980,0
DA:3981,0
DA:3990,0
DA:3991,0
DA:3992,0
DA:3993,0
DA:3994,0
DA:3997,0
DA:3998,0
DA:3999,0
DA:4000,0
DA:4002,0
DA:4003,0
DA:4006,0
DA:4007,0
DA:4009,0
DA:4010,0
DA:4011,0
DA:4012,0
DA:4013,0
DA:4015,0
DA:4016,0
DA:4021,0
DA:4022,0
DA:4024,0
DA:4025,0
DA:4026,0
DA:4027,0
DA:4028,0
DA:4030,0
DA:4031,0
DA:4036,0
DA:4037,0
DA:4039,0
DA:4040,0
DA:4041,0
DA:4042,0
DA:4043,0
DA:4045,0
DA:4046,0
DA:4049,0
DA:4050,0
DA:4052,0
DA:4053,0
DA:4058,0
DA:4059,0
DA:4061,0
DA:4062,0
DA:4063,0
DA:4064,0
DA:4065,0
DA:4067,0
DA:4068,0
DA:4071,0
DA:4072,0
DA:4074,0
DA:4075,0
DA:4087,0
DA:4100,0
DA:4101,0
DA:4103,0
DA:4106,0
DA:4112,0
DA:4115,0
DA:4117,0
DA:4121,0
DA:4122,0
DA:4124,0
DA:4126,0
DA:4131,0
DA:4132,0
DA:4133,0
DA:4135,0
DA:4136,0
DA:4137,0
DA:4138,0
DA:4139,0
DA:4140,0
DA:4143,0
DA:4144,0
DA:4147,0
DA:4148,0
DA:4149,0
DA:4150,0
DA:4152,0
DA:4153,0
DA:4154,0
DA:4155,0
DA:4158,0
DA:4159,0
DA:4160,0
DA:4161,0
DA:4163,0
DA:4164,0
DA:4165,0
DA:4166,0
DA:4167,0
DA:4169,0
DA:4170,0
DA:4175,0
DA:4176,0
DA:4178,0
DA:4179,0
DA:4180,0
DA:4181,0
DA:4182,0
DA:4184,0
DA:4185,0
DA:4188,0
DA:4189,0
DA:4191,0
DA:4192,0
DA:4197,0
DA:4198,0
DA:4200,0
DA:4201,0
DA:4202,0
DA:4203,0
DA:4204,0
DA:4206,0
DA:4207,0
DA:4210,0
DA:4211,0
DA:4213,0
DA:4214,0
DA:4227,0
DA:4239,0
DA:4240,0
DA:4242,0
DA:4244,0
DA:4249,0
DA:4259,0
DA:4260,0
DA:4274,0
DA:4275,0
DA:4276,0
DA:4277,0
DA:4278,0
DA:4279,0
DA:4280,0
DA:4281,0
DA:4284,0
DA:4285,0
DA:4289,0
DA:4290,0
DA:4292,0
DA:4293,0
DA:4294,0
DA:4295,0
DA:4296,0
DA:4297,0
DA:4300,0
DA:4301,0
DA:4303,0
DA:4304,0
DA:4305,0
DA:4306,0
DA:4309,0
DA:4310,0
DA:4312,0
DA:4313,0
DA:4314,0
DA:4315,0
DA:4318,0
DA:4319,0
DA:4321,0
DA:4322,0
DA:4323,0
DA:4324,0
DA:4327,0
DA:4328,0
DA:4330,0
DA:4331,0
DA:4332,0
DA:4333,0
DA:4336,0
DA:4337,0
DA:4339,0
DA:4340,0
DA:4341,0
DA:4342,0
DA:4345,0
DA:4346,0
DA:4349,0
DA:4350,0
DA:4351,0
DA:4352,0
DA:4354,0
DA:4355,0
DA:4356,0
DA:4357,0
DA:4358,0
DA:4360,0
DA:4361,0
DA:4362,0
DA:4364,0
DA:4365,0
DA:4366,0
DA:4368,0
DA:4369,0
DA:4370,0
DA:4371,0
DA:4372,0
DA:4373,0
DA:4374,0
DA:4379,0
DA:4380,0
DA:4381,0
DA:4382,0
DA:4385,0
DA:4386,0
DA:4387,0
DA:4388,0
DA:4393,0
DA:4394,0
DA:4395,0
DA:4396,0
DA:4402,0
DA:4403,0
DA:4404,0
DA:4406,0
DA:4407,0
DA:4408,0
DA:4409,0
DA:4410,0
DA:4411,0
DA:4413,0
DA:4414,0
DA:4415,0
DA:4420,0
DA:4421,0
DA:4422,0
DA:4423,0
DA:4425,0
DA:4426,0
DA:4427,0
DA:4428,0
DA:4429,0
DA:4431,0
DA:4432,0
DA:4437,0
DA:4438,0
DA:4440,0
DA:4441,0
DA:4442,0
DA:4443,0
DA:4444,0
DA:4446,0
DA:4447,0
DA:4448,0
DA:4449,0
DA:4450,0
DA:4451,0
DA:4455,0
DA:4456,0
DA:4458,0
DA:4459,0
DA:4468,0
DA:4469,0
DA:4470,0
DA:4471,0
DA:4472,0
DA:4475,0
DA:4476,0
DA:4477,0
DA:4478,0
DA:4480,0
DA:4481,0
DA:4484,0
DA:4485,0
DA:4487,0
DA:4488,0
DA:4489,0
DA:4490,0
DA:4491,0
DA:4493,0
DA:4494,0
DA:4499,0
[...]
DA:13,0
DA:14,0
DA:16,0
DA:17,0
DA:18,0
DA:19,0
LF:10
LH:1
end_of_record
SF:lib/shared/components/plausible_page_view_wrapper.dart
DA:8,0
DA:19,0
DA:21,0
DA:25,0
DA:27,0
DA:28,0
DA:30,0
DA:33,0
DA:35,0
LF:9
LH:0
end_of_record
SF:lib/sharing/sharing_file_listener.dart
DA:15,0
DA:21,0
DA:22,0
DA:26,0
DA:28,0
DA:31,0
DA:33,0
DA:34,0
DA:35,0
DA:36,0
DA:37,0
DA:38,0
DA:39,0
DA:40,0
DA:41,0
DA:47,0
DA:48,0
DA:49,0
DA:50,0
DA:51,0
DA:52,0
DA:53,0
DA:54,0
DA:55,0
DA:57,0
DA:59,0
DA:60,0
DA:61,0
DA:62,0
DA:64,0
DA:65,0
DA:66,0
DA:68,0
DA:69,0
DA:70,0
DA:71,0
DA:75,0
DA:78,0
DA:79,0
DA:89,0
DA:91,0
DA:92,0
DA:94,0
DA:95,0
DA:96,0
DA:97,0
DA:100,0
DA:101,0
DA:102,0
DA:103,0
DA:104,0
DA:105,0
DA:106,0
DA:117,0
LF:54
LH:0
end_of_record
SF:lib/pages/no_drives/no_drives_page.dart
DA:22,0
DA:26,0
DA:27,0
DA:31,0
DA:33,0
DA:39,0
DA:43,0
DA:45,0
DA:53,0
DA:55,0
DA:56,0
DA:58,0
DA:59,0
DA:61,0
DA:63,0
DA:75,0
DA:76,0
DA:77,0
DA:78,0
DA:81,0
DA:82,0
DA:83,0
DA:84,0
DA:85,0
DA:86,0
DA:88,0
DA:89,0
DA:94,0
DA:95,0
DA:99,0
DA:100,0
DA:102,0
DA:103,0
DA:105,0
DA:106,0
DA:110,0
DA:112,0
DA:114,0
DA:124,0
DA:126,0
DA:128,0
DA:129,0
DA:131,0
DA:132,0
DA:133,0
DA:134,0
DA:140,0
DA:142,0
DA:144,0
DA:149,0
DA:161,0
DA:162,0
DA:163,0
DA:170,0
DA:172,0
DA:173,0
DA:176,0
DA:177,0
DA:181,0
DA:182,0
DA:185,0
DA:187,0
DA:189,0
DA:190,0
DA:194,0
DA:196,0
DA:198,0
DA:202,0
DA:204,0
DA:205,0
DA:207,0
DA:210,0
DA:212,0
DA:214,0
DA:219,0
DA:230,0
DA:233,0
DA:234,0
DA:236,0
DA:239,0
DA:240,0
DA:241,0
DA:243,0
DA:245,0
DA:247,0
DA:251,0
DA:253,0
DA:255,0
DA:260,0
DA:264,0
DA:265,0
DA:268,0
DA:276,0
DA:279,0
DA:280,0
DA:282,0
DA:285,0
DA:286,0
DA:287,0
DA:289,0
DA:291,0
DA:293,0
DA:297,0
DA:299,0
DA:301,0
DA:306,0
DA:310,0
DA:311,0
DA:314,0
LF:109
LH:0
end_of_record
SF:lib/pages/shared_file/shared_file_page.dart
DA:25,0
DA:26,0
DA:29,0
DA:31,0
DA:32,0
DA:33,0
DA:34,0
DA:36,0
DA:37,0
DA:38,0
DA:40,0
DA:41,0
DA:42,0
DA:47,0
DA:48,0
DA:49,0
DA:50,0
DA:51,0
DA:55,0
DA:56,0
DA:57,0
DA:58,0
DA:63,0
DA:64,0
DA:66,0
DA:67,0
DA:69,0
DA:71,0
DA:72,0
DA:73,0
DA:75,0
DA:77,0
DA:78,0
DA:84,0
DA:85,0
DA:86,0
DA:87,0
DA:88,0
DA:96,0
DA:97,0
DA:99,0
DA:101,0
DA:103,0
DA:104,0
DA:110,0
DA:114,0
DA:115,0
DA:116,0
DA:117,0
DA:118,0
DA:119,0
DA:121,0
DA:122,0
DA:123,0
DA:130,0
DA:132,0
DA:133,0
DA:134,0
DA:136,0
DA:137,0
DA:138,0
DA:147,0
DA:148,0
DA:150,0
DA:151,0
DA:154,0
DA:155,0
DA:156,0
DA:157,0
DA:160,0
DA:161,0
DA:162,0
DA:163,0
DA:164,0
DA:167,0
DA:168,0
DA:169,0
DA:170,0
DA:172,0
DA:173,0
DA:174,0
DA:178,0
DA:179,0
DA:180,0
DA:181,0
DA:182,0
DA:183,0
DA:184,0
DA:187,0
DA:188,0
DA:189,0
DA:190,0
DA:191,0
DA:192,0
DA:193,0
DA:197,0
DA:198,0
DA:199,0
DA:200,0
DA:201,0
DA:202,0
DA:204,0
DA:207,0
DA:210,0
DA:212,0
DA:213,0
DA:214,0
DA:215,0
DA:216,0
DA:217,0
DA:218,0
DA:221,0
DA:222,0
DA:232,0
DA:233,0
DA:235,0
DA:236,0
LF:117
LH:0
end_of_record
SF:lib/search/domain/bloc/search_state.dart
DA:4,1
DA:6,1
DA:7,1
DA:19,1
DA:21,1
DA:22,2
LF:6
LH:6
end_of_record
SF:lib/search/domain/bloc/search_bloc.dart
DA:12,1
DA:14,2
DA:15,2
DA:16,1
DA:17,2
DA:18,2
DA:20,3
DA:22,1
DA:23,2
DA:25,2
LF:10
LH:10
end_of_record
SF:lib/search/domain/bloc/search_event.dart
DA:4,1
DA:6,0
DA:7,0
DA:13,1
DA:15,0
DA:16,0
LF:6
LH:2
end_of_record
SF:lib/search/domain/repository/search_repository.dart
DA:11,1
DA:13,1
DA:15,3
DA:17,1
DA:19,2
LF:5
LH:5
end_of_record
SF:lib/sharing/folder_selector/folder_selector.dart
DA:10,0
DA:16,0
DA:17,0
DA:21,0
DA:23,0
DA:24,0
DA:27,0
DA:29,0
DA:30,0
DA:33,0
DA:35,0
DA:36,0
DA:37,0
DA:38,0
DA:41,0
DA:45,0
DA:46,0
DA:47,0
DA:49,0
DA:51,0
DA:54,0
DA:55,0
DA:56,0
DA:58,0
DA:59,0
DA:60,0
DA:62,0
DA:63,0
DA:64,0
DA:65,0
DA:66,0
DA:69,0
DA:72,0
DA:74,0
DA:75,0
DA:76,0
DA:77,0
DA:78,0
DA:79,0
DA:80,0
DA:81,0
DA:83,0
DA:84,0
DA:87,0
DA:88,0
DA:89,0
DA:90,0
DA:91,0
DA:93,0
DA:98,0
DA:100,0
DA:101,0
DA:107,0
DA:109,0
DA:110,0
DA:112,0
DA:114,0
DA:116,0
DA:117,0
DA:118,0
DA:119,0
DA:120,0
DA:121,0
DA:122,0
DA:123,0
DA:125,0
DA:126,0
DA:129,0
DA:130,0
DA:131,0
DA:132,0
DA:135,0
DA:137,0
DA:142,0
DA:144,0
DA:145,0
DA:155,0
DA:156,0
DA:158,0
DA:159,0
DA:164,0
DA:165,0
DA:166,0
DA:168,0
DA:170,0
DA:171,0
DA:175,0
DA:178,0
DA:180,0
DA:181,0
DA:183,0
DA:184,0
DA:185,0
DA:188,0
DA:190,0
DA:191,0
DA:192,0
DA:193,0
DA:195,0
DA:196,0
DA:198,0
DA:199,0
DA:200,0
DA:201,0
DA:202,0
DA:203,0
DA:204,0
DA:208,0
DA:209,0
DA:212,0
DA:214,0
DA:215,0
DA:216,0
DA:217,0
DA:218,0
DA:219,0
DA:224,0
DA:225,0
DA:226,0
DA:228,0
DA:229,0
DA:230,0
DA:231,0
DA:232,0
DA:233,0
DA:234,0
DA:235,0
DA:236,0
DA:237,0
DA:245,0
DA:246,0
DA:247,0
DA:249,0
DA:252,0
DA:255,0
DA:256,0
DA:257,0
DA:258,0
DA:259,0
DA:260,0
DA:262,0
DA:264,0
DA:266,0
DA:267,0
DA:269,0
DA:270,0
DA:271,0
DA:272,0
DA:275,0
DA:276,0
DA:277,0
DA:281,0
DA:282,0
DA:283,0
DA:284,0
DA:295,0
DA:296,0
DA:298,0
DA:299,0
DA:300,0
DA:303,0
DA:304,0
DA:306,0
DA:308,0
DA:309,0
DA:310,0
DA:319,0
DA:323,0
LF:168
LH:0
end_of_record
SF:lib/sharing/folder_selector/folder_selector_bloc.dart
DA:14,0
DA:16,0
DA:17,0
DA:18,0
DA:19,0
DA:21,0
DA:22,0
DA:23,0
DA:24,0
DA:25,0
DA:26,0
DA:29,0
DA:30,0
DA:31,0
DA:33,0
DA:35,0
DA:36,0
DA:37,0
DA:39,0
DA:42,0
DA:44,0
DA:46,0
DA:47,0
DA:48,0
DA:49,0
DA:50,0
DA:51,0
DA:54,0
DA:55,0
DA:56,0
DA:58,0
DA:59,0
DA:62,0
DA:63,0
LF:34
LH:0
end_of_record
SF:lib/sharing/folder_selector/folder_selector_state.dart
DA:4,0
DA:6,0
DA:7,0
DA:18,0
DA:20,0
DA:21,0
DA:30,0
DA:37,0
DA:38,0
DA:44,0
LF:10
LH:0
end_of_record
SF:lib/sharing/folder_selector/folder_selector_event.dart
DA:4,0
DA:6,0
DA:7,0
DA:15,0
DA:17,0
DA:18,0
DA:24,0
DA:26,0
DA:27,0
DA:33,0
DA:35,0
DA:36,0
DA:42,0
DA:46,0
DA:47,0
LF:15
LH:0
end_of_record
SF:lib/sync/domain/ghost_folder.dart
DA:6,0
LF:1
LH:0
end_of_record
SF:lib/sync/utils/network_transaction_utils.dart
DA:5,1
DA:9,1
DA:10,2
DA:11,1
DA:12,2
DA:16,1
DA:19,1
DA:23,1
DA:24,2
DA:25,1
DA:26,1
DA:27,2
DA:32,1
DA:33,1
DA:34,2
DA:39,1
DA:42,1
DA:47,1
DA:48,2
DA:49,1
DA:50,2
DA:54,1
LF:22
LH:22
end_of_record
SF:lib/utils/snapshots/drive_history_composite.dart
DA:15,1
DA:21,4
DA:22,4
DA:25,1
DA:30,1
DA:31,1
DA:33,1
DA:35,1
DA:36,3
DA:37,3
DA:38,5
DA:40,1
DA:41,1
DA:42,1
DA:44,4
DA:45,2
DA:48,1
DA:49,1
DA:52,2
DA:53,1
DA:54,2
DA:58,1
DA:60,2
DA:61,5
DA:62,2
DA:65,1
DA:68,1
DA:69,2
DA:70,1
DA:77,1
DA:79,0
DA:80,0
DA:85,0
DA:87,0
LF:34
LH:30
end_of_record
SF:lib/utils/snapshots/gql_drive_history.dart
DA:21,2
DA:22,2
DA:24,0
DA:26,2
DA:33,2
DA:35,4
DA:36,10
DA:37,2
DA:40,2
DA:43,2
DA:44,8
DA:46,4
DA:47,2
DA:48,2
DA:49,2
DA:50,2
DA:51,2
DA:52,4
DA:56,4
DA:57,4
DA:58,4
DA:59,2
DA:60,2
DA:61,2
LF:24
LH:23
end_of_record
SF:lib/utils/snapshots/snapshot_drive_history.dart
DA:12,2
DA:16,2
DA:19,2
DA:20,2
DA:22,2
DA:23,2
DA:24,6
DA:27,2
DA:29,2
DA:30,4
DA:31,4
DA:32,4
DA:33,2
DA:38,4
DA:39,10
DA:42,4
DA:44,2
DA:47,4
DA:48,2
DA:49,4
DA:50,2
DA:52,6
DA:54,4
DA:57,4
DA:60,2
DA:61,2
DA:62,6
DA:66,2
DA:70,6
DA:72,8
DA:77,2
DA:79,4
DA:80,10
DA:81,2
DA:84,2
DA:88,2
DA:89,8
DA:91,4
DA:94,4
DA:95,2
LF:40
LH:40
end_of_record
SF:lib/turbo/models/payment_user_information.dart
DA:9,2
DA:16,2
DA:22,2
DA:39,2
DA:46,0
DA:47,0
DA:48,0
DA:49,0
DA:50,0
DA:53,1
DA:60,1
DA:61,1
DA:62,1
DA:63,1
DA:65,1
DA:69,0
DA:71,0
LF:17
LH:10
end_of_record
SF:lib/turbo/topup/models/payment_model.dart
DA:16,3
DA:22,1
DA:23,1
DA:32,3
DA:37,1
DA:38,1
DA:39,0
DA:55,3
DA:67,1
DA:68,1
DA:69,0
DA:81,3
DA:90,0
DA:91,0
DA:94,0
DA:95,0
DA:99,0
DA:100,0
DA:104,1
DA:105,1
DA:106,0
DA:108,1
DA:110,7
DA:113,1
DA:114,1
DA:115,1
DA:116,1
DA:117,1
DA:118,1
DA:119,1
DA:120,1
LF:31
LH:22
end_of_record
SF:lib/turbo/topup/models/payment_model.g.dart
DA:9,2
DA:10,1
DA:11,1
DA:13,2
DA:14,1
DA:15,3
DA:16,1
DA:19,0
DA:20,0
DA:21,0
DA:22,0
DA:23,0
DA:26,1
DA:27,1
DA:28,1
DA:29,1
DA:32,0
DA:33,0
DA:34,0
DA:35,0
DA:38,2
DA:39,1
DA:40,1
DA:41,1
DA:42,1
DA:43,1
DA:44,1
DA:45,1
DA:46,1
DA:47,1
DA:50,0
DA:51,0
DA:52,0
DA:53,0
DA:54,0
DA:55,0
DA:56,0
DA:57,0
DA:58,0
DA:59,0
DA:60,0
DA:63,2
DA:64,1
DA:65,1
DA:66,2
DA:67,1
DA:68,1
DA:69,1
DA:72,0
DA:73,0
DA:74,0
DA:75,0
DA:76,0
DA:77,0
DA:78,0
DA:79,0
LF:56
LH:28
end_of_record
SF:lib/utils/turbo_utils.dart
DA:6,1
DA:11,1
DA:12,1
DA:13,2
DA:16,1
LF:5
LH:5
end_of_record
SF:lib/utils/data_item_utils.dart
DA:5,1
DA:7,2
DA:9,2
LF:3
LH:3
end_of_record
SF:lib/turbo/topup/blocs/payment_form/payment_form_event.dart
DA:4,62
DA:6,0
DA:7,0
DA:17,61
DA:21,0
DA:22,0
LF:6
LH:2
end_of_record
SF:lib/turbo/topup/blocs/payment_form/payment_form_state.dart
DA:4,1
DA:12,0
DA:13,0
DA:14,0
DA:15,0
DA:16,0
DA:17,0
DA:18,0
DA:20,1
DA:21,1
DA:22,1
DA:23,1
DA:28,1
DA:35,1
DA:47,1
DA:56,1
DA:57,1
DA:58,1
DA:59,1
DA:60,1
DA:61,1
DA:62,1
DA:63,1
DA:68,0
DA:79,1
DA:90,1
DA:101,1
DA:107,1
DA:108,1
DA:112,1
DA:117,1
DA:118,3
LF:32
LH:24
end_of_record
SF:lib/turbo/topup/blocs/payment_form/payment_form_bloc.dart
DA:15,1
DA:19,1
DA:20,1
DA:22,1
DA:23,1
DA:28,2
DA:29,2
DA:30,2
DA:33,1
DA:37,2
DA:38,2
DA:39,1
DA:40,2
DA:41,1
DA:46,2
DA:48,1
DA:49,1
DA:50,2
DA:51,1
DA:52,2
DA:53,1
DA:59,2
DA:61,1
DA:62,1
DA:63,2
DA:64,1
DA:65,2
DA:66,1
DA:73,1
DA:77,1
DA:78,1
DA:79,2
DA:80,1
DA:81,2
DA:82,1
DA:84,2
DA:89,2
DA:90,2
DA:93,1
DA:94,1
DA:96,1
DA:97,2
DA:98,1
DA:100,2
DA:104,2
DA:106,1
DA:107,1
DA:108,2
DA:109,1
DA:110,2
DA:111,1
DA:118,1
DA:122,1
DA:123,1
DA:125,1
DA:126,1
DA:127,2
DA:128,1
DA:129,2
DA:130,1
DA:132,1
DA:138,2
DA:143,3
DA:145,1
DA:146,1
DA:148,1
DA:149,2
DA:150,1
DA:152,1
DA:157,1
DA:158,1
DA:159,1
DA:160,2
DA:161,1
DA:162,2
DA:163,1
DA:165,1
DA:171,2
DA:172,1
DA:173,1
DA:174,2
DA:175,1
DA:176,2
DA:177,1
DA:179,1
DA:189,1
DA:193,1
DA:194,3
LF:88
LH:88
end_of_record
SF:lib/turbo/topup/models/price_estimate.dart
DA:9,4
DA:15,0
DA:16,0
DA:17,0
DA:18,0
DA:19,0
DA:20,0
DA:21,0
DA:22,0
DA:23,0
DA:25,2
DA:26,1
DA:31,1
DA:33,2
DA:34,1
DA:35,1
DA:38,2
DA:39,2
DA:40,2
DA:41,2
DA:42,2
LF:21
LH:12
end_of_record
SF:lib/turbo/topup/blocs/payment_review/payment_review_state.dart
DA:4,62
DA:6,1
DA:7,1
DA:11,60
DA:15,1
DA:23,1
DA:24,1
DA:25,1
DA:26,1
DA:27,1
DA:28,1
DA:29,1
DA:34,61
DA:44,1
DA:52,0
DA:59,0
DA:60,0
DA:61,0
DA:62,0
DA:63,0
DA:64,0
DA:68,1
DA:69,1
DA:70,1
DA:71,1
DA:72,1
DA:73,1
DA:74,1
DA:79,1
DA:87,1
DA:88,1
DA:89,1
DA:90,1
DA:91,1
DA:92,1
DA:93,1
DA:98,1
DA:106,1
DA:107,1
DA:108,1
DA:109,1
DA:110,1
DA:111,1
DA:112,1
DA:118,1
DA:127,1
DA:128,1
DA:129,1
DA:130,1
DA:131,1
DA:132,1
DA:133,1
DA:134,1
DA:139,1
DA:147,1
DA:148,1
DA:149,1
DA:150,1
DA:151,1
DA:152,1
DA:153,1
DA:159,61
DA:163,0
DA:164,0
DA:165,0
DA:172,1
DA:181,1
DA:182,1
DA:183,1
DA:184,1
DA:185,1
DA:186,1
DA:187,1
DA:188,1
DA:193,61
DA:197,1
DA:198,1
DA:199,1
LF:78
LH:68
end_of_record
SF:lib/turbo/topup/blocs/payment_review/payment_review_event.dart
DA:4,2
DA:6,0
DA:7,0
DA:14,1
DA:19,0
DA:20,0
DA:26,0
DA:27,0
LF:8
LH:2
end_of_record
SF:lib/turbo/topup/blocs/payment_review/payment_review_bloc.dart
DA:20,1
DA:24,1
DA:25,2
DA:26,1
DA:27,1
DA:28,1
DA:29,1
DA:30,1
DA:31,1
DA:36,1
DA:41,1
DA:43,2
DA:45,5
DA:46,1
DA:47,1
DA:50,2
DA:52,1
DA:53,1
DA:55,1
DA:58,1
DA:62,1
DA:66,1
DA:68,1
DA:70,1
DA:72,1
DA:76,1
DA:80,1
DA:82,5
DA:83,3
DA:86,1
DA:88,1
DA:90,2
DA:92,1
DA:96,1
DA:97,3
DA:98,2
DA:102,3
DA:105,1
DA:107,1
DA:108,1
DA:109,1
DA:110,1
DA:111,1
DA:112,1
DA:113,1
DA:118,1
DA:119,1
DA:120,1
DA:121,1
DA:122,1
DA:123,1
DA:124,1
DA:125,1
DA:130,1
DA:131,1
DA:132,1
DA:133,1
DA:134,1
DA:135,1
DA:136,1
DA:137,1
DA:142,1
DA:143,1
DA:144,1
DA:145,1
DA:146,1
DA:147,1
DA:148,1
DA:149,1
DA:154,1
DA:155,1
DA:156,1
DA:158,1
DA:159,1
DA:160,1
DA:161,1
DA:162,1
DA:167,1
DA:168,1
DA:169,1
DA:171,1
DA:172,1
DA:173,1
DA:174,1
DA:175,1
DA:180,1
DA:181,1
DA:182,1
DA:183,1
DA:184,1
DA:185,1
DA:186,1
DA:187,1
DA:192,1
DA:193,1
DA:200,1
DA:201,1
DA:206,2
DA:207,5
DA:209,1
DA:210,3
DA:211,4
DA:212,1
DA:215,1
DA:216,4
DA:218,1
DA:221,1
DA:222,2
DA:223,1
DA:227,0
DA:228,0
DA:230,0
DA:235,0
DA:237,0
DA:238,0
DA:240,0
LF:116
LH:109
end_of_record
SF:lib/turbo/topup/blocs/turbo_balance/turbo_balance_state.dart
DA:5,1
DA:7,1
DA:8,1
DA:20,1
DA:24,1
DA:25,2
LF:6
LH:6
end_of_record
SF:lib/turbo/topup/blocs/turbo_balance/turbo_balance_cubit.dart
DA:14,1
DA:17,2
DA:19,1
DA:21,2
DA:23,3
DA:25,2
DA:27,2
DA:30,1
DA:32,1
DA:33,2
DA:35,2
LF:11
LH:11
end_of_record
SF:lib/turbo/topup/views/topup_payment_form.dart
DA:24,60
DA:26,0
DA:27,0
DA:38,0
DA:40,0
DA:42,0
DA:43,0
DA:44,0
DA:49,0
DA:50,0
DA:58,0
DA:61,0
DA:62,0
DA:63,0
DA:68,0
DA:69,0
DA:70,0
DA:71,0
DA:72,0
DA:73,0
DA:74,0
DA:76,0
DA:78,0
DA:79,0
DA:80,0
DA:81,0
DA:86,0
DA:91,0
DA:92,0
DA:93,0
DA:95,0
DA:101,0
DA:110,0
DA:117,0
DA:118,0
DA:119,0
DA:120,0
DA:121,0
DA:124,0
DA:126,0
DA:128,0
DA:130,0
DA:131,0
DA:132,0
DA:134,0
DA:135,0
DA:142,0
DA:143,0
DA:144,0
DA:145,0
DA:146,0
DA:148,0
DA:156,0
DA:157,0
DA:158,0
DA:161,0
DA:162,0
DA:163,0
DA:167,0
DA:168,0
DA:169,0
DA:170,0
DA:171,0
DA:172,0
DA:174,0
DA:176,0
DA:177,0
DA:178,0
DA:179,0
DA:184,0
DA:189,0
DA:190,0
DA:191,0
DA:193,0
DA:194,0
DA:195,0
DA:206,0
DA:215,0
DA:226,0
DA:227,0
DA:229,0
DA:232,0
DA:233,0
DA:235,0
DA:237,0
DA:238,0
DA:239,0
DA:240,0
DA:241,0
DA:242,0
DA:246,0
DA:247,0
DA:248,0
DA:249,0
DA:250,0
DA:251,0
DA:252,0
DA:253,0
DA:254,0
DA:255,0
DA:256,0
DA:257,0
DA:260,0
DA:261,0
DA:275,0
DA:277,0
DA:280,0
DA:281,0
DA:284,0
DA:285,0
DA:289,0
DA:290,0
DA:291,0
DA:292,0
DA:297,0
DA:298,0
DA:300,0
DA:303,0
DA:304,0
DA:305,0
DA:306,0
DA:307,0
DA:308,0
DA:313,0
DA:314,0
DA:315,0
DA:316,0
DA:324,0
DA:325,0
DA:326,0
DA:329,0
DA:331,0
DA:332,0
DA:335,0
DA:336,0
DA:339,0
DA:340,0
DA:341,0
DA:342,0
DA:344,0
DA:345,0
DA:346,0
DA:347,0
DA:354,0
DA:355,0
DA:356,0
DA:358,0
DA:359,0
DA:361,0
DA:362,0
DA:363,0
DA:364,0
DA:365,0
DA:366,0
DA:367,0
DA:375,0
DA:378,0
DA:380,0
DA:381,0
DA:382,0
DA:383,0
DA:385,0
DA:386,0
DA:388,0
DA:389,0
DA:390,0
DA:391,0
DA:392,0
DA:393,0
DA:394,0
DA:399,0
DA:402,0
DA:403,0
DA:406,0
DA:407,0
DA:408,0
DA:409,0
DA:410,0
DA:411,0
DA:412,0
DA:413,0
DA:424,0
DA:425,0
DA:427,0
DA:429,0
DA:432,0
DA:433,0
DA:434,0
DA:435,0
DA:438,0
DA:440,0
DA:442,0
DA:443,0
DA:444,0
DA:445,0
DA:450,0
DA:451,0
DA:452,0
DA:454,0
DA:457,0
DA:458,0
DA:459,0
DA:460,0
DA:461,0
DA:462,0
DA:463,0
DA:464,0
DA:465,0
DA:467,0
DA:468,0
DA:470,0
DA:471,0
DA:473,0
DA:474,0
DA:476,0
DA:477,0
DA:478,0
DA:479,0
DA:480,0
DA:481,0
DA:482,0
DA:483,0
DA:486,0
DA:487,0
DA:488,0
DA:494,0
DA:496,0
DA:497,0
DA:501,0
DA:502,0
DA:503,0
DA:504,0
DA:506,0
DA:507,0
DA:519,0
DA:520,0
DA:521,0
DA:522,0
DA:523,0
DA:526,0
DA:527,0
DA:528,0
DA:529,0
DA:530,0
DA:532,0
DA:534,0
DA:535,0
DA:544,0
DA:545,0
DA:546,0
DA:547,0
DA:548,0
DA:549,0
DA:550,0
DA:551,0
DA:552,0
DA:556,0
DA:557,0
DA:558,0
DA:561,0
DA:562,0
DA:565,0
DA:566,0
DA:567,0
DA:568,0
DA:569,0
DA:571,0
DA:572,0
DA:575,0
DA:576,0
DA:577,0
DA:578,0
DA:579,0
DA:585,0
DA:587,0
DA:588,0
DA:589,0
DA:590,0
DA:591,0
DA:594,0
DA:595,0
DA:596,0
DA:597,0
DA:598,0
DA:613,0
DA:614,0
DA:616,0
DA:617,0
DA:622,0
DA:623,0
DA:624,0
DA:625,0
DA:627,0
DA:629,0
DA:630,0
DA:635,0
DA:636,0
DA:638,0
DA:640,0
DA:641,0
DA:642,0
DA:644,0
DA:645,0
DA:647,0
DA:648,0
DA:649,0
DA:650,0
DA:651,0
DA:657,0
DA:658,0
DA:659,0
DA:660,0
DA:661,0
DA:664,0
DA:666,0
DA:668,0
DA:669,0
DA:670,0
DA:671,0
DA:672,0
DA:681,0
DA:682,0
DA:683,0
DA:684,0
DA:685,0
DA:686,0
DA:687,0
DA:688,0
DA:690,0
DA:692,0
DA:693,0
DA:696,0
DA:697,0
DA:699,0
DA:700,0
DA:705,0
DA:707,0
DA:709,0
DA:710,0
DA:714,0
DA:715,0
DA:716,0
DA:717,0
DA:720,0
DA:721,0
DA:722,0
DA:723,0
DA:724,0
DA:725,0
DA:726,0
DA:727,0
DA:736,0
DA:737,0
DA:740,0
DA:747,0
DA:760,0
DA:761,0
DA:763,0
DA:764,0
DA:765,0
DA:769,0
DA:771,0
DA:772,0
DA:780,0
DA:781,0
DA:784,0
DA:785,0
DA:787,0
DA:788,0
DA:792,0
DA:793,0
DA:796,0
DA:797,0
DA:798,0
DA:799,0
DA:803,0
DA:806,0
DA:807,0
DA:810,0
DA:813,0
DA:814,0
DA:815,0
DA:819,0
DA:820,0
DA:823,0
DA:824,0
DA:827,0
DA:828,0
DA:842,0
DA:854,0
DA:855,0
DA:862,0
DA:864,0
DA:865,0
DA:868,0
DA:870,0
DA:871,0
DA:874,0
DA:875,0
DA:876,0
DA:877,0
DA:878,0
DA:879,0
DA:882,0
DA:883,0
DA:889,0
DA:890,0
DA:891,0
DA:892,0
DA:893,0
DA:894,0
DA:897,0
DA:900,0
DA:901,0
DA:902,0
DA:903,0
DA:905,0
DA:908,0
DA:909,0
DA:910,0
DA:911,0
DA:916,0
DA:917,0
DA:918,0
DA:919,0
DA:920,0
DA:922,0
DA:924,0
DA:930,0
DA:932,0
DA:934,0
DA:935,0
DA:937,0
DA:938,0
DA:940,0
DA:941,0
DA:942,0
DA:943,0
DA:944,0
DA:948,0
DA:949,0
DA:950,0
DA:951,0
DA:953,0
DA:955,0
DA:960,0
DA:961,0
DA:971,0
DA:975,0
DA:977,0
DA:984,0
DA:990,0
DA:1017,0
DA:1018,0
DA:1026,0
DA:1028,0
DA:1029,0
DA:1035,0
DA:1037,0
DA:1038,0
DA:1042,0
DA:1044,0
DA:1045,0
DA:1046,0
DA:1049,0
DA:1051,0
DA:1052,0
DA:1054,0
DA:1056,0
DA:1057,0
DA:1058,0
DA:1059,0
DA:1060,0
DA:1061,0
DA:1064,0
DA:1065,0
DA:1066,0
DA:1067,0
DA:1068,0
DA:1069,0
DA:1070,0
DA:1071,0
DA:1072,0
DA:1073,0
DA:1074,0
DA:1075,0
DA:1076,0
DA:1077,0
DA:1082,0
DA:1083,0
DA:1084,0
DA:1087,0
DA:1088,0
DA:1093,0
DA:1094,0
DA:1095,0
DA:1099,0
DA:1100,0
DA:1101,0
DA:1103,0
DA:1105,0
DA:1106,0
DA:1107,0
DA:1108,0
DA:1109,0
DA:1110,0
DA:1111,0
DA:1116,0
DA:1128,0
DA:1132,0
DA:1141,0
DA:1142,0
DA:1143,0
DA:1144,0
DA:1149,60
DA:1151,0
DA:1152,0
DA:1156,0
DA:1158,0
DA:1159,0
DA:1163,0
DA:1167,0
DA:1168,0
DA:1169,0
DA:1170,0
DA:1174,0
DA:1175,0
DA:1176,0
DA:1179,0
DA:1180,0
DA:1181,0
DA:1182,0
DA:1183,0
DA:1185,0
DA:1188,0
DA:1189,0
DA:1191,0
DA:1192,0
DA:1200,0
DA:1201,0
DA:1202,0
DA:1212,0
DA:1213,0
DA:1214,0
DA:1215,0
DA:1217,0
DA:1218,0
DA:1220,0
DA:1222,0
DA:1224,0
DA:1225,0
DA:1226,0
DA:1227,0
DA:1228,0
DA:1229,0
DA:1230,0
DA:1231,0
DA:1232,0
DA:1237,0
DA:1238,0
DA:1239,0
DA:1240,0
DA:1241,0
DA:1251,0
DA:1252,0
DA:1253,0
DA:1255,0
DA:1256,0
DA:1258,0
DA:1260,0
DA:1261,0
DA:1262,0
DA:1263,0
DA:1264,0
DA:1265,0
DA:1269,0
DA:1270,0
DA:1271,0
DA:1272,0
DA:1273,0
DA:1274,0
DA:1275,0
DA:1287,0
DA:1291,0
DA:1295,0
DA:1296,0
DA:1297,0
DA:1298,0
DA:1302,0
DA:1304,0
DA:1305,0
DA:1307,0
DA:1310,0
DA:1311,0
DA:1313,0
DA:1314,0
DA:1322,0
DA:1323,0
DA:1324,0
DA:1325,0
DA:1335,0
DA:1336,0
DA:1337,0
DA:1338,0
DA:1340,0
DA:1341,0
DA:1343,0
DA:1345,0
DA:1347,0
DA:1348,0
DA:1349,0
DA:1350,0
DA:1351,0
DA:1352,0
DA:1353,0
DA:1354,0
DA:1355,0
DA:1356,0
DA:1361,0
DA:1362,0
DA:1363,0
DA:1364,0
DA:1365,0
DA:1375,0
DA:1376,0
DA:1377,0
DA:1379,0
DA:1380,0
DA:1382,0
DA:1384,0
DA:1385,0
DA:1386,0
DA:1387,0
DA:1388,0
DA:1389,0
DA:1393,0
DA:1394,0
DA:1395,0
DA:1396,0
DA:1397,0
DA:1398,0
DA:1399,0
LF:642
LH:2
end_of_record
SF:lib/turbo/utils/storage_estimator.dart
DA:5,2
DA:11,10
DA:14,2
DA:16,2
DA:17,2
DA:18,2
DA:19,4
DA:20,2
DA:21,4
LF:9
LH:9
end_of_record
SF:lib/user/download_wallet/bloc/download_wallet_state.dart
DA:4,62
DA:6,1
DA:7,1
DA:15,61
DA:17,1
DA:18,1
DA:22,1
DA:23,1
DA:27,0
DA:28,0
LF:10
LH:8
end_of_record
SF:lib/user/download_wallet/bloc/download_wallet_event.dart
DA:4,1
DA:6,0
DA:7,0
DA:13,1
DA:15,0
DA:16,0
LF:6
LH:2
end_of_record
SF:lib/user/download_wallet/bloc/download_wallet_bloc.dart
DA:14,1
DA:19,2
DA:20,1
DA:21,1
DA:22,1
DA:23,2
DA:25,3
DA:27,2
DA:31,3
DA:33,2
DA:37,1
DA:39,0
LF:12
LH:11
end_of_record
SF:lib/user/user_preferences.dart
DA:7,3
DA:11,1
DA:12,3
LF:3
LH:3
end_of_record
SF:lib/utils/plausible_event_tracker/plausible_api_data.dart
DA:5,2
LF:1
LH:1
end_of_record
SF:lib/utils/plausible_event_tracker/plausible_custom_events.dart
DA:77,2
DA:79,2
DA:81,2
DA:83,1
DA:85,1
DA:87,1
DA:89,1
DA:91,1
DA:93,1
DA:95,1
DA:97,0
DA:99,0
DA:101,0
DA:103,0
DA:107,0
DA:109,0
DA:113,0
DA:115,0
DA:117,0
DA:119,0
DA:121,0
DA:123,0
DA:125,0
DA:127,0
DA:129,0
DA:131,0
DA:133,0
DA:135,0
DA:137,0
DA:139,0
DA:141,0
DA:143,0
DA:145,0
DA:147,0
DA:149,0
DA:153,0
DA:155,0
DA:157,0
DA:161,0
DA:163,0
DA:165,0
DA:167,0
DA:169,0
DA:171,0
DA:173,0
DA:175,0
DA:179,0
DA:181,0
DA:185,0
DA:189,0
DA:191,0
DA:195,0
DA:197,0
DA:199,0
DA:201,0
LF:55
LH:10
end_of_record
SF:lib/utils/plausible_event_tracker/plausible_event_data.dart
DA:7,2
LF:1
LH:1
end_of_record
SF:lib/utils/text_partitions.dart
DA:5,0
DA:8,0
DA:9,0
DA:13,0
DA:16,0
DA:17,0
DA:21,0
DA:22,0
DA:25,0
DA:26,0
DA:27,0
DA:29,0
DA:30,0
DA:31,0
DA:32,0
DA:35,0
DA:36,0
DA:37,0
DA:39,0
DA:40,0
DA:43,0
DA:44,0
LF:22
LH:0
end_of_record
SF:lib/utils/usd_upload_cost_to_string.dart
DA:1,1
DA:2,1
DA:3,1
DA:4,1
LF:4
LH:4
end_of_record
SF:lib/utils/get_first_future_result.dart
DA:6,1
DA:9,1
DA:10,1
DA:11,1
DA:13,1
DA:14,2
DA:17,1
DA:18,2
DA:19,4
DA:20,1
DA:24,2
DA:25,1
DA:28,1
LF:13
LH:13
end_of_record
